Log file open, 02/19/20 14:55:42
LogWindows: Failed to load 'aqProf.dll' (GetLastError=126)
LogWindows: File 'aqProf.dll' does not exist
LogWindows: Failed to load 'VtuneApi.dll' (GetLastError=126)
LogWindows: File 'VtuneApi.dll' does not exist
LogWindows: Failed to load 'VtuneApi32e.dll' (GetLastError=126)
LogWindows: File 'VtuneApi32e.dll' does not exist
LogConsoleResponse: Display: Failed to find resolution value strings in scalability ini. Falling back to default.
LogInit: Display: Running engine for game: MMI_VR
LogPlatformFile: Not using cached read wrapper
LogTaskGraph: Started task graph with 5 named threads and 23 total threads with 3 sets of task threads.
LogStats: Stats thread started at 0.081831
LogD3D11RHI: Loaded GFSDK_Aftermath_Lib.x64.dll
LogICUInternationalization: ICU TimeZone Detection - Raw Offset: +1:00, Platform Override: ''
LogPluginManager: Mounting plugin Paper2D
LogPluginManager: Mounting plugin AISupport
LogPluginManager: Mounting plugin LightPropagationVolume
LogPluginManager: Mounting plugin ActorLayerUtilities
LogPluginManager: Mounting plugin AnimationSharing
LogPluginManager: Mounting plugin CLionSourceCodeAccess
LogPluginManager: Mounting plugin CodeLiteSourceCodeAccess
LogPluginManager: Mounting plugin GitSourceControl
LogPluginManager: Mounting plugin KDevelopSourceCodeAccess
LogPluginManager: Mounting plugin NullSourceCodeAccess
LogPluginManager: Mounting plugin PerforceSourceControl
LogPluginManager: Mounting plugin SubversionSourceControl
LogPluginManager: Mounting plugin UObjectPlugin
LogPluginManager: Mounting plugin VisualStudioCodeSourceCodeAccess
LogPluginManager: Mounting plugin VisualStudioSourceCodeAccess
LogPluginManager: Mounting plugin XCodeSourceCodeAccess
LogPluginManager: Mounting plugin AssetManagerEditor
LogPluginManager: Mounting plugin CryptoKeys
LogPluginManager: Mounting plugin CurveEditorTools
LogPluginManager: Mounting plugin DataValidation
LogPluginManager: Mounting plugin EditorScriptingUtilities
LogPluginManager: Mounting plugin FacialAnimation
LogPluginManager: Mounting plugin GameplayTagsEditor
LogPluginManager: Mounting plugin MacGraphicsSwitching
LogPluginManager: Mounting plugin MaterialAnalyzer
LogPluginManager: Mounting plugin MobileLauncherProfileWizard
LogPluginManager: Mounting plugin PluginBrowser
LogPluginManager: Mounting plugin SpeedTreeImporter
LogPluginManager: Mounting plugin DatasmithContent
LogPluginManager: Mounting plugin VariantManagerContent
LogPluginManager: Mounting plugin AlembicImporter
LogPluginManager: Mounting plugin AutomationUtils
LogPluginManager: Mounting plugin BackChannel
LogPluginManager: Mounting plugin CharacterAI
LogPluginManager: Mounting plugin GeometryCache
LogPluginManager: Mounting plugin HTML5Networking
LogPluginManager: Mounting plugin PlatformCrypto
LogPluginManager: Mounting plugin ProxyLODPlugin
LogPluginManager: Mounting plugin PythonScriptPlugin
LogPluginManager: Mounting plugin SkeletalReduction
LogPluginManager: Mounting plugin MagicLeap
LogPluginManager: Mounting plugin MagicLeapMedia
LogPluginManager: Mounting plugin AndroidMedia
LogPluginManager: Mounting plugin AvfMedia
LogPluginManager: Mounting plugin ImgMedia
LogPluginManager: Mounting plugin MediaCompositing
LogPluginManager: Mounting plugin MediaPlayerEditor
LogPluginManager: Mounting plugin WebMMedia
LogPluginManager: Mounting plugin WmfMedia
LogPluginManager: Mounting plugin MegascansPlugin
LogPluginManager: Mounting plugin TcpMessaging
LogPluginManager: Mounting plugin UdpMessaging
LogPluginManager: Mounting plugin ActorSequence
LogPluginManager: Mounting plugin LevelSequenceEditor
LogPluginManager: Mounting plugin MatineeToLevelSequence
LogPluginManager: Mounting plugin NetcodeUnitTest
LogPluginManager: Mounting plugin NUTUnrealEngine4
LogPluginManager: Mounting plugin OnlineSubsystemGooglePlay
LogPluginManager: Mounting plugin OnlineSubsystemIOS
LogPluginManager: Mounting plugin OnlineSubsystem
LogPluginManager: Mounting plugin OnlineSubsystemNull
LogPluginManager: Mounting plugin OnlineSubsystemUtils
LogPluginManager: Mounting plugin LauncherChunkInstaller
LogPluginManager: Mounting plugin AndroidDeviceProfileSelector
LogPluginManager: Mounting plugin AndroidMoviePlayer
LogPluginManager: Mounting plugin AndroidPermission
LogPluginManager: Mounting plugin AppleImageUtils
LogPluginManager: Mounting plugin AppleMoviePlayer
LogPluginManager: Mounting plugin ArchVisCharacter
LogPluginManager: Mounting plugin AudioCapture
LogPluginManager: Mounting plugin CableComponent
LogPluginManager: Mounting plugin CustomMeshComponent
LogPluginManager: Mounting plugin EditableMesh
LogPluginManager: Mounting plugin ExampleDeviceProfileSelector
LogPluginManager: Mounting plugin GoogleCloudMessaging
LogPluginManager: Mounting plugin IOSDeviceProfileSelector
LogPluginManager: Mounting plugin LinuxDeviceProfileSelector
LogPluginManager: Mounting plugin LocationServicesBPLibrary
LogPluginManager: Mounting plugin MobilePatchingUtils
LogPluginManager: Mounting plugin OculusVR
LogPluginManager: Mounting plugin PhysXVehicles
LogPluginManager: Mounting plugin ProceduralMeshComponent
LogPluginManager: Mounting plugin RuntimePhysXCooking
LogPluginManager: Mounting plugin SignificanceManager
LogPluginManager: Mounting plugin SteamVR
LogPluginManager: Mounting plugin WebBrowserWidget
LogPluginManager: Mounting plugin WebMMoviePlayer
LogPluginManager: Mounting plugin WindowsMoviePlayer
LogPluginManager: Mounting plugin ScreenshotTools
LogInit: Using libcurl 7.55.1-DEV
LogInit:  - built for x86_64-pc-win32
LogInit:  - supports SSL with OpenSSL/1.1.1
LogInit:  - supports HTTP deflate (compression) using libz 1.2.8
LogInit:  - other features:
LogInit:      CURL_VERSION_SSL
LogInit:      CURL_VERSION_LIBZ
LogInit:      CURL_VERSION_IPV6
LogInit:      CURL_VERSION_ASYNCHDNS
LogInit:      CURL_VERSION_LARGEFILE
LogInit:      CURL_VERSION_IDN
LogInit:  CurlRequestOptions (configurable via config and command line):
LogInit:  - bVerifyPeer = true  - Libcurl will verify peer certificate
LogInit:  - bUseHttpProxy = false  - Libcurl will NOT use HTTP proxy
LogInit:  - bDontReuseConnections = false  - Libcurl will reuse connections
LogInit:  - MaxHostConnections = 16  - Libcurl will limit the number of connections to a host
LogInit:  - LocalHostAddr = Default
LogInit:  - BufferSize = 65536
LogOnline: OSS: Creating online subsystem instance for: NULL
LogInit: WinSock: version 1.1 (2.2), MaxSocks=32767, MaxUdp=65467
LogInit: Build: ++UE4+Release-4.23-CL-9631420
LogInit: Engine Version: 4.23.1-9631420+++UE4+Release-4.23
LogInit: Compatible Engine Version: 4.23.0-8386587+++UE4+Release-4.23
LogInit: Net CL: 8386587
LogInit: OS: Windows 10 (Release 1903) (), CPU: Intel(R) Core(TM) i7-4790K CPU @ 4.00GHz, GPU: NVIDIA GeForce GTX 1080
LogInit: Compiled (64-bit): Oct 18 2019 02:07:44
LogInit: Compiled with Visual C++: 19.16.27030.01
LogInit: Build Configuration: Development
LogInit: Branch Name: ++UE4+Release-4.23
LogInit: Command Line:  /Game/salle_progra/Map_progra -game -PIEVIACONSOLE -ResX=1280 -ResY=720 -Multiprocess -messaging -SessionName="Play in Standalone Game" -nohmd -windowed
LogInit: Base Directory: D:/games/epicStore/UE_4.23/Engine/Binaries/Win64/
LogInit: Installed Engine Build: 1
LogDevObjectVersion: Number of dev versions registered: 23
LogDevObjectVersion:   Dev-Blueprints (B0D832E4-1F89-4F0D-ACCF-7EB736FD4AA2): 10
LogDevObjectVersion:   Dev-Build (E1C64328-A22C-4D53-A36C-8E866417BD8C): 0
LogDevObjectVersion:   Dev-Core (375EC13C-06E4-48FB-B500-84F0262A717E): 3
LogDevObjectVersion:   Dev-Editor (E4B068ED-F494-42E9-A231-DA0B2E46BB41): 34
LogDevObjectVersion:   Dev-Framework (CFFC743F-43B0-4480-9391-14DF171D2073): 35
LogDevObjectVersion:   Dev-Mobile (B02B49B5-BB20-44E9-A304-32B752E40360): 2
LogDevObjectVersion:   Dev-Networking (A4E4105C-59A1-49B5-A7C5-40C4547EDFEE): 0
LogDevObjectVersion:   Dev-Online (39C831C9-5AE6-47DC-9A44-9C173E1C8E7C): 0
LogDevObjectVersion:   Dev-Physics (78F01B33-EBEA-4F98-B9B4-84EACCB95AA2): 0
LogDevObjectVersion:   Dev-Platform (6631380F-2D4D-43E0-8009-CF276956A95A): 0
LogDevObjectVersion:   Dev-Rendering (12F88B9F-8875-4AFC-A67C-D90C383ABD29): 31
LogDevObjectVersion:   Dev-Sequencer (7B5AE74C-D270-4C10-A958-57980B212A5A): 11
LogDevObjectVersion:   Dev-VR (D7296918-1DD6-4BDD-9DE2-64A83CC13884): 2
LogDevObjectVersion:   Dev-LoadTimes (C2A15278-BFE7-4AFE-6C17-90FF531DF755): 1
LogDevObjectVersion:   Private-Geometry (6EACA3D4-40EC-4CC1-B786-8BED09428FC5): 3
LogDevObjectVersion:   Dev-AnimPhys (29E575DD-E0A3-4627-9D10-D276232CDCEA): 17
LogDevObjectVersion:   Dev-Anim (AF43A65D-7FD3-4947-9873-3E8ED9C1BB05): 2
LogDevObjectVersion:   Dev-ReflectionCapture (6B266CEC-1EC7-4B8F-A30B-E4D90942FC07): 1
LogDevObjectVersion:   Dev-Automation (0DF73D61-A23F-47EA-B727-89E90C41499A): 1
LogDevObjectVersion:   FortniteMain (601D1886-AC64-4F84-AA16-D3DE0DEAC7D6): 27
LogDevObjectVersion:   Dev-Enterprise (9DFFBCD6-494F-0158-E221-12823C92A888): 6
LogDevObjectVersion:   Dev-Niagara (F2AED0AC-9AFE-416F-8664-AA7FFA26D6FC): 1
LogDevObjectVersion:   Dev-Destruction (174F1F0B-B4C6-45A5-B13F-2EE8D0FB917D): 9
LogInit: Presizing for max 16777216 objects, including 0 objects not considered by GC, pre-allocating 0 bytes for permanent pool.
LogInit: Object subsystem initialized
LogConfig: Setting CVar [[con.DebugEarlyDefault:1]]
LogConfig: Setting CVar [[r.setres:1280x720]]
[2020.02.19-13.55.42:641][  0]LogConfig: Setting CVar [[con.DebugEarlyDefault:1]]
[2020.02.19-13.55.42:642][  0]LogConfig: Setting CVar [[r.setres:1280x720]]
[2020.02.19-13.55.42:642][  0]LogConfig: Applying CVar settings from Section [/Script/Engine.RendererSettings] File [D:/Damien/Documents/Unreal Projects/MMI_VR/Saved/Config/Windows/Engine.ini]
[2020.02.19-13.55.42:642][  0]LogConfig: Setting CVar [[r.GPUCrashDebugging:0]]
[2020.02.19-13.55.42:642][  0]LogConfig: Setting CVar [[r.DefaultFeature.AmbientOcclusion:0]]
[2020.02.19-13.55.42:642][  0]LogConfig: Setting CVar [[r.DefaultFeature.AmbientOcclusionStaticFraction:0]]
[2020.02.19-13.55.42:642][  0]LogConfig: Setting CVar [[vr.InstancedStereo:1]]
[2020.02.19-13.55.42:642][  0]LogConfig: Setting CVar [[r.SeparateTranslucency:0]]
[2020.02.19-13.55.42:642][  0]LogConfig: Setting CVar [[r.HZBOcclusion:0]]
[2020.02.19-13.55.42:642][  0]LogConfig: Setting CVar [[r.SSR.MaxRoughness:0]]
[2020.02.19-13.55.42:642][  0]LogConfig: Setting CVar [[r.rhicmdbypass:0]]
[2020.02.19-13.55.42:642][  0]LogConfig: Applying CVar settings from Section [/Script/Engine.RendererOverrideSettings] File [D:/Damien/Documents/Unreal Projects/MMI_VR/Saved/Config/Windows/Engine.ini]
[2020.02.19-13.55.42:642][  0]LogConfig: Applying CVar settings from Section [/Script/Engine.StreamingSettings] File [D:/Damien/Documents/Unreal Projects/MMI_VR/Saved/Config/Windows/Engine.ini]
[2020.02.19-13.55.42:642][  0]LogConfig: Setting CVar [[s.MinBulkDataSizeForAsyncLoading:131072]]
[2020.02.19-13.55.42:642][  0]LogConfig: Setting CVar [[s.AsyncLoadingThreadEnabled:0]]
[2020.02.19-13.55.42:642][  0]LogConfig: Setting CVar [[s.EventDrivenLoaderEnabled:1]]
[2020.02.19-13.55.42:642][  0]LogConfig: Setting CVar [[s.WarnIfTimeLimitExceeded:0]]
[2020.02.19-13.55.42:642][  0]LogConfig: Setting CVar [[s.TimeLimitExceededMultiplier:1.5]]
[2020.02.19-13.55.42:642][  0]LogConfig: Setting CVar [[s.TimeLimitExceededMinTime:0.005]]
[2020.02.19-13.55.42:642][  0]LogConfig: Setting CVar [[s.UseBackgroundLevelStreaming:1]]
[2020.02.19-13.55.42:642][  0]LogConfig: Setting CVar [[s.PriorityAsyncLoadingExtraTime:15.0]]
[2020.02.19-13.55.42:642][  0]LogConfig: Setting CVar [[s.LevelStreamingActorsUpdateTimeLimit:5.0]]
[2020.02.19-13.55.42:642][  0]LogConfig: Setting CVar [[s.PriorityLevelStreamingActorsUpdateExtraTime:5.0]]
[2020.02.19-13.55.42:642][  0]LogConfig: Setting CVar [[s.LevelStreamingComponentsRegistrationGranularity:10]]
[2020.02.19-13.55.42:642][  0]LogConfig: Setting CVar [[s.UnregisterComponentsTimeLimit:1.0]]
[2020.02.19-13.55.42:642][  0]LogConfig: Setting CVar [[s.LevelStreamingComponentsUnregistrationGranularity:5]]
[2020.02.19-13.55.42:642][  0]LogConfig: Applying CVar settings from Section [/Script/Engine.GarbageCollectionSettings] File [D:/Damien/Documents/Unreal Projects/MMI_VR/Saved/Config/Windows/Engine.ini]
[2020.02.19-13.55.42:642][  0]LogConfig: Setting CVar [[gc.MaxObjectsNotConsideredByGC:1]]
[2020.02.19-13.55.42:642][  0]LogConfig: Setting CVar [[gc.SizeOfPermanentObjectPool:0]]
[2020.02.19-13.55.42:642][  0]LogConfig: Setting CVar [[gc.FlushStreamingOnGC:0]]
[2020.02.19-13.55.42:642][  0]LogConfig: Setting CVar [[gc.NumRetriesBeforeForcingGC:10]]
[2020.02.19-13.55.42:642][  0]LogConfig: Setting CVar [[gc.AllowParallelGC:1]]
[2020.02.19-13.55.42:642][  0]LogConfig: Setting CVar [[gc.TimeBetweenPurgingPendingKillObjects:61.1]]
[2020.02.19-13.55.42:642][  0]LogConfig: Setting CVar [[gc.MaxObjectsInEditor:16777216]]
[2020.02.19-13.55.42:642][  0]LogConfig: Setting CVar [[gc.IncrementalBeginDestroyEnabled:1]]
[2020.02.19-13.55.42:642][  0]LogConfig: Setting CVar [[gc.CreateGCClusters:1]]
[2020.02.19-13.55.42:642][  0]LogConfig: Setting CVar [[gc.MinGCClusterSize:5]]
[2020.02.19-13.55.42:642][  0]LogConfig: Setting CVar [[gc.ActorClusteringEnabled:0]]
[2020.02.19-13.55.42:642][  0]LogConfig: Setting CVar [[gc.BlueprintClusteringEnabled:0]]
[2020.02.19-13.55.42:642][  0]LogConfig: Setting CVar [[gc.UseDisregardForGCOnDedicatedServers:0]]
[2020.02.19-13.55.42:642][  0]LogConfig: Applying CVar settings from Section [/Script/Engine.NetworkSettings] File [D:/Damien/Documents/Unreal Projects/MMI_VR/Saved/Config/Windows/Engine.ini]
[2020.02.19-13.55.42:642][  0]LogConfig: Applying CVar settings from Section [/Script/UnrealEd.CookerSettings] File [D:/Damien/Documents/Unreal Projects/MMI_VR/Saved/Config/Windows/Engine.ini]
[2020.02.19-13.55.42:658][  0]LogConfig: Applying CVar settings from Section [ViewDistanceQuality@3] File [D:/Damien/Documents/Unreal Projects/MMI_VR/Saved/Config/Windows/Scalability.ini]
[2020.02.19-13.55.42:658][  0]LogConfig: Setting CVar [[r.SkeletalMeshLODBias:0]]
[2020.02.19-13.55.42:658][  0]LogConfig: Setting CVar [[r.ViewDistanceScale:1.0]]
[2020.02.19-13.55.42:658][  0]LogConfig: Applying CVar settings from Section [AntiAliasingQuality@3] File [D:/Damien/Documents/Unreal Projects/MMI_VR/Saved/Config/Windows/Scalability.ini]
[2020.02.19-13.55.42:658][  0]LogConfig: Setting CVar [[r.PostProcessAAQuality:3]]
[2020.02.19-13.55.42:659][  0]LogConfig: Applying CVar settings from Section [ShadowQuality@3] File [D:/Damien/Documents/Unreal Projects/MMI_VR/Saved/Config/Windows/Scalability.ini]
[2020.02.19-13.55.42:659][  0]LogConfig: Setting CVar [[r.LightFunctionQuality:1]]
[2020.02.19-13.55.42:659][  0]LogConfig: Setting CVar [[r.ShadowQuality:5]]
[2020.02.19-13.55.42:659][  0]LogConfig: Setting CVar [[r.Shadow.CSM.MaxCascades:10]]
[2020.02.19-13.55.42:659][  0]LogConfig: Setting CVar [[r.Shadow.MaxResolution:2048]]
[2020.02.19-13.55.42:659][  0]LogConfig: Setting CVar [[r.Shadow.MaxCSMResolution:2048]]
[2020.02.19-13.55.42:659][  0]LogConfig: Setting CVar [[r.Shadow.RadiusThreshold:0.01]]
[2020.02.19-13.55.42:659][  0]LogConfig: Setting CVar [[r.Shadow.DistanceScale:1.0]]
[2020.02.19-13.55.42:659][  0]LogConfig: Setting CVar [[r.Shadow.CSM.TransitionScale:1.0]]
[2020.02.19-13.55.42:659][  0]LogConfig: Setting CVar [[r.Shadow.PreShadowResolutionFactor:1.0]]
[2020.02.19-13.55.42:659][  0]LogConfig: Setting CVar [[r.DistanceFieldShadowing:1]]
[2020.02.19-13.55.42:659][  0]LogConfig: Setting CVar [[r.DistanceFieldAO:1]]
[2020.02.19-13.55.42:659][  0]LogConfig: Setting CVar [[r.AOQuality:2]]
[2020.02.19-13.55.42:659][  0]LogConfig: Setting CVar [[r.VolumetricFog:1]]
[2020.02.19-13.55.42:659][  0]LogConfig: Setting CVar [[r.VolumetricFog.GridPixelSize:8]]
[2020.02.19-13.55.42:659][  0]LogConfig: Setting CVar [[r.VolumetricFog.GridSizeZ:128]]
[2020.02.19-13.55.42:659][  0]LogConfig: Setting CVar [[r.VolumetricFog.HistoryMissSupersampleCount:4]]
[2020.02.19-13.55.42:659][  0]LogConfig: Setting CVar [[r.LightMaxDrawDistanceScale:1]]
[2020.02.19-13.55.42:659][  0]LogConfig: Setting CVar [[r.CapsuleShadows:1]]
[2020.02.19-13.55.42:659][  0]LogConfig: Applying CVar settings from Section [PostProcessQuality@3] File [D:/Damien/Documents/Unreal Projects/MMI_VR/Saved/Config/Windows/Scalability.ini]
[2020.02.19-13.55.42:659][  0]LogConfig: Setting CVar [[r.MotionBlurQuality:0]]
[2020.02.19-13.55.42:659][  0]LogConfig: Setting CVar [[r.AmbientOcclusionMipLevelFactor:0.4]]
[2020.02.19-13.55.42:659][  0]LogConfig: Setting CVar [[r.AmbientOcclusionMaxQuality:100]]
[2020.02.19-13.55.42:659][  0]LogConfig: Setting CVar [[r.AmbientOcclusionLevels:0]]
[2020.02.19-13.55.42:659][  0]LogConfig: Setting CVar [[r.AmbientOcclusionRadiusScale:1.0]]
[2020.02.19-13.55.42:659][  0]LogConfig: Setting CVar [[r.DepthOfFieldQuality:0]]
[2020.02.19-13.55.42:659][  0]LogConfig: Setting CVar [[r.RenderTargetPoolMin:400]]
[2020.02.19-13.55.42:659][  0]LogConfig: Setting CVar [[r.LensFlareQuality:0]]
[2020.02.19-13.55.42:659][  0]LogConfig: Setting CVar [[r.SceneColorFringeQuality:0]]
[2020.02.19-13.55.42:659][  0]LogConfig: Setting CVar [[r.EyeAdaptationQuality:2]]
[2020.02.19-13.55.42:659][  0]LogConfig: Setting CVar [[r.BloomQuality:1]]
[2020.02.19-13.55.42:659][  0]LogConfig: Setting CVar [[r.FastBlurThreshold:0]]
[2020.02.19-13.55.42:659][  0]LogConfig: Setting CVar [[r.Upscale.Quality:3]]
[2020.02.19-13.55.42:659][  0]LogConfig: Setting CVar [[r.Tonemapper.GrainQuantization:1]]
[2020.02.19-13.55.42:659][  0]LogConfig: Setting CVar [[r.LightShaftQuality:1]]
[2020.02.19-13.55.42:659][  0]LogConfig: Setting CVar [[r.Filter.SizeScale:1]]
[2020.02.19-13.55.42:659][  0]LogConfig: Setting CVar [[r.Tonemapper.Quality:5]]
[2020.02.19-13.55.42:659][  0]LogConfig: Setting CVar [[r.DOF.Gather.AccumulatorQuality:1        ; higher gathering accumulator quality]]
[2020.02.19-13.55.42:659][  0]LogConfig: Setting CVar [[r.DOF.Gather.PostfilterMethod:1          ; Median3x3 postfilering method]]
[2020.02.19-13.55.42:659][  0]LogConfig: Setting CVar [[r.DOF.Gather.EnableBokehSettings:0       ; no bokeh simulation when gathering]]
[2020.02.19-13.55.42:659][  0]LogConfig: Setting CVar [[r.DOF.Gather.RingCount:4                 ; medium number of samples when gathering]]
[2020.02.19-13.55.42:659][  0]LogConfig: Setting CVar [[r.DOF.Scatter.ForegroundCompositing:1    ; additive foreground scattering]]
[2020.02.19-13.55.42:659][  0]LogConfig: Setting CVar [[r.DOF.Scatter.BackgroundCompositing:2    ; additive background scattering]]
[2020.02.19-13.55.42:659][  0]LogConfig: Setting CVar [[r.DOF.Scatter.EnableBokehSettings:1      ; bokeh simulation when scattering]]
[2020.02.19-13.55.42:659][  0]LogConfig: Setting CVar [[r.DOF.Scatter.MaxSpriteRatio:0.1         ; only a maximum of 10% of scattered bokeh]]
[2020.02.19-13.55.42:659][  0]LogConfig: Setting CVar [[r.DOF.Recombine.Quality:1                ; cheap slight out of focus]]
[2020.02.19-13.55.42:659][  0]LogConfig: Setting CVar [[r.DOF.Recombine.EnableBokehSettings:0    ; no bokeh simulation on slight out of focus]]
[2020.02.19-13.55.42:659][  0]LogConfig: Setting CVar [[r.DOF.TemporalAAQuality:1                ; more stable temporal accumulation]]
[2020.02.19-13.55.42:659][  0]LogConfig: Setting CVar [[r.DOF.Kernel.MaxForegroundRadius:0.025]]
[2020.02.19-13.55.42:659][  0]LogConfig: Setting CVar [[r.DOF.Kernel.MaxBackgroundRadius:0.025]]
[2020.02.19-13.55.42:659][  0]LogConfig: Applying CVar settings from Section [TextureQuality@3] File [D:/Damien/Documents/Unreal Projects/MMI_VR/Saved/Config/Windows/Scalability.ini]
[2020.02.19-13.55.42:659][  0]LogConfig: Setting CVar [[r.Streaming.MipBias:0]]
[2020.02.19-13.55.42:659][  0]LogConfig: Setting CVar [[r.Streaming.AmortizeCPUToGPUCopy:0]]
[2020.02.19-13.55.42:659][  0]LogConfig: Setting CVar [[r.Streaming.MaxNumTexturesToStreamPerFrame:0]]
[2020.02.19-13.55.42:659][  0]LogConfig: Setting CVar [[r.Streaming.Boost:1]]
[2020.02.19-13.55.42:659][  0]LogConfig: Setting CVar [[r.MaxAnisotropy:8]]
[2020.02.19-13.55.42:659][  0]LogConfig: Setting CVar [[r.Streaming.LimitPoolSizeToVRAM:0]]
[2020.02.19-13.55.42:659][  0]LogConfig: Setting CVar [[r.Streaming.PoolSize:1000]]
[2020.02.19-13.55.42:659][  0]LogConfig: Setting CVar [[r.Streaming.MaxEffectiveScreenSize:0]]
[2020.02.19-13.55.42:659][  0]LogConfig: Applying CVar settings from Section [EffectsQuality@3] File [D:/Damien/Documents/Unreal Projects/MMI_VR/Saved/Config/Windows/Scalability.ini]
[2020.02.19-13.55.42:659][  0]LogConfig: Setting CVar [[r.TranslucencyLightingVolumeDim:4]]
[2020.02.19-13.55.42:659][  0]LogConfig: Setting CVar [[r.RefractionQuality:2]]
[2020.02.19-13.55.42:659][  0]LogConfig: Setting CVar [[r.SSR.Quality:0]]
[2020.02.19-13.55.42:659][  0]LogConfig: Setting CVar [[r.SceneColorFormat:2]]
[2020.02.19-13.55.42:659][  0]LogConfig: Setting CVar [[r.DetailMode:2]]
[2020.02.19-13.55.42:659][  0]LogConfig: Setting CVar [[r.TranslucencyVolumeBlur:0]]
[2020.02.19-13.55.42:659][  0]LogConfig: Setting CVar [[r.MaterialQualityLevel:1 ; High quality]]
[2020.02.19-13.55.42:659][  0]LogConfig: Setting CVar [[r.SSS.Scale:1]]
[2020.02.19-13.55.42:659][  0]LogConfig: Setting CVar [[r.SSS.SampleSet:2]]
[2020.02.19-13.55.42:659][  0]LogConfig: Setting CVar [[r.SSS.Quality:1]]
[2020.02.19-13.55.42:660][  0]LogConfig: Setting CVar [[r.SSS.HalfRes:1]]
[2020.02.19-13.55.42:660][  0]LogConfig: Setting CVar [[r.EmitterSpawnRateScale:1.0]]
[2020.02.19-13.55.42:660][  0]LogConfig: Setting CVar [[r.ParticleLightQuality:2]]
[2020.02.19-13.55.42:660][  0]LogConfig: Applying CVar settings from Section [FoliageQuality@3] File [D:/Damien/Documents/Unreal Projects/MMI_VR/Saved/Config/Windows/Scalability.ini]
[2020.02.19-13.55.42:660][  0]LogConfig: Setting CVar [[foliage.DensityScale:1.0]]
[2020.02.19-13.55.42:660][  0]LogConfig: Setting CVar [[grass.DensityScale:1.0]]
[2020.02.19-13.55.42:660][  0]LogInit: Selected Device Profile: [Windows]
[2020.02.19-13.55.42:660][  0]LogInit: Applying CVar settings loaded from the selected device profile: [Windows]
[2020.02.19-13.55.42:662][  0]LogHAL: Display: Platform has ~ 24 GB [25709846528 / 34359738368 / 24], which maps to Larger [LargestMinGB=32, LargerMinGB=12, DefaultMinGB=8, SmallerMinGB=6, SmallestMinGB=0)
[2020.02.19-13.55.42:662][  0]LogInit: Going up to parent DeviceProfile []
[2020.02.19-13.55.42:662][  0]LogConfig: Applying CVar settings from Section [ViewDistanceQuality@3] File [D:/Damien/Documents/Unreal Projects/MMI_VR/Saved/Config/Windows/Scalability.ini]
[2020.02.19-13.55.42:662][  0]LogConfig: Setting CVar [[r.SkeletalMeshLODBias:0]]
[2020.02.19-13.55.42:662][  0]LogConfig: Setting CVar [[r.ViewDistanceScale:1.0]]
[2020.02.19-13.55.42:662][  0]LogConfig: Applying CVar settings from Section [AntiAliasingQuality@3] File [D:/Damien/Documents/Unreal Projects/MMI_VR/Saved/Config/Windows/Scalability.ini]
[2020.02.19-13.55.42:662][  0]LogConfig: Setting CVar [[r.PostProcessAAQuality:3]]
[2020.02.19-13.55.42:662][  0]LogConfig: Applying CVar settings from Section [ShadowQuality@3] File [D:/Damien/Documents/Unreal Projects/MMI_VR/Saved/Config/Windows/Scalability.ini]
[2020.02.19-13.55.42:662][  0]LogConfig: Setting CVar [[r.LightFunctionQuality:1]]
[2020.02.19-13.55.42:662][  0]LogConfig: Setting CVar [[r.ShadowQuality:5]]
[2020.02.19-13.55.42:662][  0]LogConfig: Setting CVar [[r.Shadow.CSM.MaxCascades:10]]
[2020.02.19-13.55.42:662][  0]LogConfig: Setting CVar [[r.Shadow.MaxResolution:2048]]
[2020.02.19-13.55.42:662][  0]LogConfig: Setting CVar [[r.Shadow.MaxCSMResolution:2048]]
[2020.02.19-13.55.42:662][  0]LogConfig: Setting CVar [[r.Shadow.RadiusThreshold:0.01]]
[2020.02.19-13.55.42:662][  0]LogConfig: Setting CVar [[r.Shadow.DistanceScale:1.0]]
[2020.02.19-13.55.42:662][  0]LogConfig: Setting CVar [[r.Shadow.CSM.TransitionScale:1.0]]
[2020.02.19-13.55.42:663][  0]LogConfig: Setting CVar [[r.Shadow.PreShadowResolutionFactor:1.0]]
[2020.02.19-13.55.42:663][  0]LogConfig: Setting CVar [[r.DistanceFieldShadowing:1]]
[2020.02.19-13.55.42:663][  0]LogConfig: Setting CVar [[r.DistanceFieldAO:1]]
[2020.02.19-13.55.42:663][  0]LogConfig: Setting CVar [[r.AOQuality:2]]
[2020.02.19-13.55.42:663][  0]LogConfig: Setting CVar [[r.VolumetricFog:1]]
[2020.02.19-13.55.42:663][  0]LogConfig: Setting CVar [[r.VolumetricFog.GridPixelSize:8]]
[2020.02.19-13.55.42:663][  0]LogConfig: Setting CVar [[r.VolumetricFog.GridSizeZ:128]]
[2020.02.19-13.55.42:663][  0]LogConfig: Setting CVar [[r.VolumetricFog.HistoryMissSupersampleCount:4]]
[2020.02.19-13.55.42:663][  0]LogConfig: Setting CVar [[r.LightMaxDrawDistanceScale:1]]
[2020.02.19-13.55.42:663][  0]LogConfig: Setting CVar [[r.CapsuleShadows:1]]
[2020.02.19-13.55.42:663][  0]LogConfig: Applying CVar settings from Section [PostProcessQuality@3] File [D:/Damien/Documents/Unreal Projects/MMI_VR/Saved/Config/Windows/Scalability.ini]
[2020.02.19-13.55.42:663][  0]LogConfig: Setting CVar [[r.MotionBlurQuality:0]]
[2020.02.19-13.55.42:663][  0]LogConfig: Setting CVar [[r.AmbientOcclusionMipLevelFactor:0.4]]
[2020.02.19-13.55.42:663][  0]LogConfig: Setting CVar [[r.AmbientOcclusionMaxQuality:100]]
[2020.02.19-13.55.42:663][  0]LogConfig: Setting CVar [[r.AmbientOcclusionLevels:0]]
[2020.02.19-13.55.42:663][  0]LogConfig: Setting CVar [[r.AmbientOcclusionRadiusScale:1.0]]
[2020.02.19-13.55.42:663][  0]LogConfig: Setting CVar [[r.DepthOfFieldQuality:0]]
[2020.02.19-13.55.42:663][  0]LogConfig: Setting CVar [[r.RenderTargetPoolMin:400]]
[2020.02.19-13.55.42:663][  0]LogConfig: Setting CVar [[r.LensFlareQuality:0]]
[2020.02.19-13.55.42:663][  0]LogConfig: Setting CVar [[r.SceneColorFringeQuality:0]]
[2020.02.19-13.55.42:663][  0]LogConfig: Setting CVar [[r.EyeAdaptationQuality:2]]
[2020.02.19-13.55.42:663][  0]LogConfig: Setting CVar [[r.BloomQuality:1]]
[2020.02.19-13.55.42:663][  0]LogConfig: Setting CVar [[r.FastBlurThreshold:0]]
[2020.02.19-13.55.42:663][  0]LogConfig: Setting CVar [[r.Upscale.Quality:3]]
[2020.02.19-13.55.42:663][  0]LogConfig: Setting CVar [[r.Tonemapper.GrainQuantization:1]]
[2020.02.19-13.55.42:663][  0]LogConfig: Setting CVar [[r.LightShaftQuality:1]]
[2020.02.19-13.55.42:663][  0]LogConfig: Setting CVar [[r.Filter.SizeScale:1]]
[2020.02.19-13.55.42:663][  0]LogConfig: Setting CVar [[r.Tonemapper.Quality:5]]
[2020.02.19-13.55.42:663][  0]LogConfig: Setting CVar [[r.DOF.Gather.AccumulatorQuality:1        ; higher gathering accumulator quality]]
[2020.02.19-13.55.42:663][  0]LogConfig: Setting CVar [[r.DOF.Gather.PostfilterMethod:1          ; Median3x3 postfilering method]]
[2020.02.19-13.55.42:663][  0]LogConfig: Setting CVar [[r.DOF.Gather.EnableBokehSettings:0       ; no bokeh simulation when gathering]]
[2020.02.19-13.55.42:663][  0]LogConfig: Setting CVar [[r.DOF.Gather.RingCount:4                 ; medium number of samples when gathering]]
[2020.02.19-13.55.42:663][  0]LogConfig: Setting CVar [[r.DOF.Scatter.ForegroundCompositing:1    ; additive foreground scattering]]
[2020.02.19-13.55.42:663][  0]LogConfig: Setting CVar [[r.DOF.Scatter.BackgroundCompositing:2    ; additive background scattering]]
[2020.02.19-13.55.42:663][  0]LogConfig: Setting CVar [[r.DOF.Scatter.EnableBokehSettings:1      ; bokeh simulation when scattering]]
[2020.02.19-13.55.42:663][  0]LogConfig: Setting CVar [[r.DOF.Scatter.MaxSpriteRatio:0.1         ; only a maximum of 10% of scattered bokeh]]
[2020.02.19-13.55.42:663][  0]LogConfig: Setting CVar [[r.DOF.Recombine.Quality:1                ; cheap slight out of focus]]
[2020.02.19-13.55.42:663][  0]LogConfig: Setting CVar [[r.DOF.Recombine.EnableBokehSettings:0    ; no bokeh simulation on slight out of focus]]
[2020.02.19-13.55.42:663][  0]LogConfig: Setting CVar [[r.DOF.TemporalAAQuality:1                ; more stable temporal accumulation]]
[2020.02.19-13.55.42:663][  0]LogConfig: Setting CVar [[r.DOF.Kernel.MaxForegroundRadius:0.025]]
[2020.02.19-13.55.42:663][  0]LogConfig: Setting CVar [[r.DOF.Kernel.MaxBackgroundRadius:0.025]]
[2020.02.19-13.55.42:663][  0]LogConfig: Applying CVar settings from Section [TextureQuality@3] File [D:/Damien/Documents/Unreal Projects/MMI_VR/Saved/Config/Windows/Scalability.ini]
[2020.02.19-13.55.42:663][  0]LogConfig: Setting CVar [[r.Streaming.MipBias:0]]
[2020.02.19-13.55.42:663][  0]LogConfig: Setting CVar [[r.Streaming.AmortizeCPUToGPUCopy:0]]
[2020.02.19-13.55.42:663][  0]LogConfig: Setting CVar [[r.Streaming.MaxNumTexturesToStreamPerFrame:0]]
[2020.02.19-13.55.42:663][  0]LogConfig: Setting CVar [[r.Streaming.Boost:1]]
[2020.02.19-13.55.42:663][  0]LogConfig: Setting CVar [[r.MaxAnisotropy:8]]
[2020.02.19-13.55.42:663][  0]LogConfig: Setting CVar [[r.Streaming.LimitPoolSizeToVRAM:0]]
[2020.02.19-13.55.42:663][  0]LogConfig: Setting CVar [[r.Streaming.PoolSize:1000]]
[2020.02.19-13.55.42:663][  0]LogConfig: Setting CVar [[r.Streaming.MaxEffectiveScreenSize:0]]
[2020.02.19-13.55.42:663][  0]LogConfig: Applying CVar settings from Section [EffectsQuality@3] File [D:/Damien/Documents/Unreal Projects/MMI_VR/Saved/Config/Windows/Scalability.ini]
[2020.02.19-13.55.42:663][  0]LogConfig: Setting CVar [[r.TranslucencyLightingVolumeDim:4]]
[2020.02.19-13.55.42:663][  0]LogConfig: Setting CVar [[r.RefractionQuality:2]]
[2020.02.19-13.55.42:663][  0]LogConfig: Setting CVar [[r.SSR.Quality:0]]
[2020.02.19-13.55.42:663][  0]LogConfig: Setting CVar [[r.SceneColorFormat:2]]
[2020.02.19-13.55.42:663][  0]LogConfig: Setting CVar [[r.DetailMode:2]]
[2020.02.19-13.55.42:663][  0]LogConfig: Setting CVar [[r.TranslucencyVolumeBlur:0]]
[2020.02.19-13.55.42:663][  0]LogConfig: Setting CVar [[r.MaterialQualityLevel:1 ; High quality]]
[2020.02.19-13.55.42:663][  0]LogConfig: Setting CVar [[r.SSS.Scale:1]]
[2020.02.19-13.55.42:663][  0]LogConfig: Setting CVar [[r.SSS.SampleSet:2]]
[2020.02.19-13.55.42:663][  0]LogConfig: Setting CVar [[r.SSS.Quality:1]]
[2020.02.19-13.55.42:663][  0]LogConfig: Setting CVar [[r.SSS.HalfRes:1]]
[2020.02.19-13.55.42:663][  0]LogConfig: Setting CVar [[r.EmitterSpawnRateScale:1.0]]
[2020.02.19-13.55.42:663][  0]LogConfig: Setting CVar [[r.ParticleLightQuality:2]]
[2020.02.19-13.55.42:663][  0]LogConfig: Applying CVar settings from Section [FoliageQuality@3] File [D:/Damien/Documents/Unreal Projects/MMI_VR/Saved/Config/Windows/Scalability.ini]
[2020.02.19-13.55.42:663][  0]LogConfig: Setting CVar [[foliage.DensityScale:1.0]]
[2020.02.19-13.55.42:663][  0]LogConfig: Setting CVar [[grass.DensityScale:1.0]]
[2020.02.19-13.55.42:663][  0]LogConfig: Applying CVar settings from Section [Startup] File [../../../Engine/Config/ConsoleVariables.ini]
[2020.02.19-13.55.42:664][  0]LogConfig: Setting CVar [[net.UseAdaptiveNetUpdateFrequency:0]]
[2020.02.19-13.55.42:664][  0]LogConfig: Setting CVar [[p.chaos.AllowCreatePhysxBodies:1]]
[2020.02.19-13.55.42:664][  0]LogConfig: Applying CVar settings from Section [ConsoleVariables] File [D:/Damien/Documents/Unreal Projects/MMI_VR/Saved/Config/Windows/Engine.ini]
[2020.02.19-13.55.42:664][  0]LogInit: Computer: NODOKA
[2020.02.19-13.55.42:664][  0]LogInit: User: Damien
[2020.02.19-13.55.42:664][  0]LogInit: CPU Page size=4096, Cores=4
[2020.02.19-13.55.42:664][  0]LogInit: High frequency timer resolution =10.000000 MHz
[2020.02.19-13.55.42:664][  0]LogMemory: Memory total: Physical=23.9GB (24GB approx)
[2020.02.19-13.55.42:664][  0]LogMemory: Platform Memory Stats for Windows
[2020.02.19-13.55.42:664][  0]LogMemory: Process Physical Memory: 102.61 MB used, 102.61 MB peak
[2020.02.19-13.55.42:664][  0]LogMemory: Process Virtual Memory: 99.96 MB used, 99.96 MB peak
[2020.02.19-13.55.42:664][  0]LogMemory: Physical Memory: 11461.88 MB used,  13056.95 MB free, 24518.82 MB total
[2020.02.19-13.55.42:664][  0]LogMemory: Virtual Memory: 4672.29 MB used,  134213056.00 MB free, 134217728.00 MB total
[2020.02.19-13.55.42:670][  0]LogWindows: WindowsPlatformFeatures enabled
[2020.02.19-13.55.42:691][  0]LogInit: Using OS detected language (fr-FR).
[2020.02.19-13.55.42:692][  0]LogInit: Using OS detected locale (fr-FR).
[2020.02.19-13.55.42:692][  0]LogTextLocalizationManager: No specific localization for 'fr-FR' exists, so the 'fr' localization will be used.
[2020.02.19-13.55.42:693][  0]LogTextLocalizationResource: LocRes '../../../Engine/Content/Localization/Editor/fr/Editor.locres' could not be opened for reading!
[2020.02.19-13.55.42:693][  0]LogTextLocalizationResource: LocRes '../../../Engine/Content/Localization/EditorTutorials/fr/EditorTutorials.locres' could not be opened for reading!
[2020.02.19-13.55.42:693][  0]LogTextLocalizationResource: LocRes '../../../Engine/Content/Localization/Keywords/fr/Keywords.locres' could not be opened for reading!
[2020.02.19-13.55.42:693][  0]LogTextLocalizationResource: LocRes '../../../Engine/Content/Localization/Category/fr/Category.locres' could not be opened for reading!
[2020.02.19-13.55.42:693][  0]LogTextLocalizationResource: LocRes '../../../Engine/Content/Localization/ToolTips/fr/ToolTips.locres' could not be opened for reading!
[2020.02.19-13.55.42:693][  0]LogTextLocalizationResource: LocRes '../../../Engine/Content/Localization/PropertyNames/fr/PropertyNames.locres' could not be opened for reading!
[2020.02.19-13.55.42:693][  0]LogTextLocalizationResource: LocRes '../../../Engine/Content/Localization/Engine/fr/Engine.locres' could not be opened for reading!
[2020.02.19-13.55.42:747][  0]LogSlate: New Slate User Created.  User Index 0, Is Virtual User: 0
[2020.02.19-13.55.42:747][  0]LogSlate: Slate User Registered.  User Index 0, Is Virtual User: 0
[2020.02.19-13.55.42:776][  0]LogD3D11RHI: D3D11 adapters:
[2020.02.19-13.55.42:846][  0]LogD3D11RHI:    0. 'NVIDIA GeForce GTX 1080' (Feature Level 11_0)
[2020.02.19-13.55.42:846][  0]LogD3D11RHI:       8079/0/12259 MB DedicatedVideo/DedicatedSystem/SharedSystem, Outputs:3, VendorId:0x10de
[2020.02.19-13.55.42:848][  0]LogD3D11RHI:    1. 'Microsoft Basic Render Driver' (Feature Level 11_0)
[2020.02.19-13.55.42:848][  0]LogD3D11RHI:       0/0/12259 MB DedicatedVideo/DedicatedSystem/SharedSystem, Outputs:0, VendorId:0x1414
[2020.02.19-13.55.42:848][  0]LogD3D11RHI: Chosen D3D11 Adapter: 0
[2020.02.19-13.55.42:857][  0]LogD3D11RHI: Creating new Direct3DDevice
[2020.02.19-13.55.42:857][  0]LogD3D11RHI:     GPU DeviceId: 0x1b80 (for the marketing name, search the web for "GPU Device Id")
[2020.02.19-13.55.42:857][  0]LogWindows: EnumDisplayDevices:
[2020.02.19-13.55.42:857][  0]LogWindows:    0. 'NVIDIA GeForce GTX 1080' (P:1 D:1)
[2020.02.19-13.55.42:858][  0]LogWindows:    1. 'NVIDIA GeForce GTX 1080' (P:0 D:1)
[2020.02.19-13.55.42:858][  0]LogWindows:    2. 'NVIDIA GeForce GTX 1080' (P:0 D:1)
[2020.02.19-13.55.42:858][  0]LogWindows:    3. 'NVIDIA GeForce GTX 1080' (P:0 D:0)
[2020.02.19-13.55.42:858][  0]LogWindows: DebugString: FoundDriverCount:4 
[2020.02.19-13.55.42:858][  0]LogD3D11RHI:     Adapter Name: NVIDIA GeForce GTX 1080
[2020.02.19-13.55.42:858][  0]LogD3D11RHI:   Driver Version: 431.86 (internal:26.21.14.3186, unified:431.86)
[2020.02.19-13.55.42:858][  0]LogD3D11RHI:      Driver Date: 8-27-2019
[2020.02.19-13.55.42:858][  0]LogRHI: Texture pool is 5655 MB (70% of 8079 MB)
[2020.02.19-13.55.42:905][  0]LogD3D11RHI: Async texture creation enabled
[2020.02.19-13.55.42:922][  0]LogD3D11RHI: GPU Timing Frequency: 1000.000000 (Debug: 2 1)
[2020.02.19-13.55.43:308][  0]LogTemp: Display: Module 'WindowsClientTargetPlatform' loaded TargetPlatform 'WindowsClient'
[2020.02.19-13.55.43:316][  0]LogTemp: Display: Module 'WindowsNoEditorTargetPlatform' loaded TargetPlatform 'WindowsNoEditor'
[2020.02.19-13.55.43:324][  0]LogTemp: Display: Module 'WindowsServerTargetPlatform' loaded TargetPlatform 'WindowsServer'
[2020.02.19-13.55.43:328][  0]LogTemp: Display: Module 'WindowsTargetPlatform' loaded TargetPlatform 'Windows'
[2020.02.19-13.55.43:328][  0]LogTargetPlatformManager: Display: Building Assets For Windows
[2020.02.19-13.55.43:335][  0]LogAudioDebug: Display: Lib vorbis DLL was dynamically loaded.
[2020.02.19-13.55.43:374][  0]LogShaderCompilers: Guid format shader working directory is -11 characters bigger than the processId version (../../../../../../Damien/Documents/Unreal Projects/MMI_VR/Intermediate/Shaders/WorkingDirectory/16440/).
[2020.02.19-13.55.43:374][  0]LogShaderCompilers: Cleaned the shader compiler working directory 'C:/Users/Damien/AppData/Local/Temp/UnrealShaderWorkingDir/607019904BD90EC74572B7971096E709/'.
[2020.02.19-13.55.43:377][  0]LogXGEController: Cannot use XGE Controller as Incredibuild is not installed on this machine.
[2020.02.19-13.55.43:377][  0]LogShaderCompilers: Cannot use XGE Shader Compiler as Incredibuild is not installed on this machine.
[2020.02.19-13.55.43:377][  0]LogShaderCompilers: Display: Using Local Shader Compiler.
[2020.02.19-13.55.43:989][  0]LogDerivedDataCache: Display: Max Cache Size: 512 MB
[2020.02.19-13.55.44:071][  0]LogDerivedDataCache: Loaded boot cache 0.08s 93MB C:/Users/Damien/AppData/Local/UnrealEngine/4.23/DerivedDataCache/Boot.ddc.
[2020.02.19-13.55.44:072][  0]LogDerivedDataCache: Display: Loaded Boot cache: C:/Users/Damien/AppData/Local/UnrealEngine/4.23/DerivedDataCache/Boot.ddc
[2020.02.19-13.55.44:072][  0]LogDerivedDataCache: FDerivedDataBackendGraph:  Pak pak cache file ../../../../../../Damien/Documents/Unreal Projects/MMI_VR/DerivedDataCache/DDC.ddp not found, will not use a pak cache.
[2020.02.19-13.55.44:072][  0]LogDerivedDataCache: Unable to find inner node Pak for hierarchical cache Hierarchy.
[2020.02.19-13.55.44:072][  0]LogDerivedDataCache: FDerivedDataBackendGraph:  CompressedPak pak cache file ../../../../../../Damien/Documents/Unreal Projects/MMI_VR/DerivedDataCache/Compressed.ddp not found, will not use a pak cache.
[2020.02.19-13.55.44:072][  0]LogDerivedDataCache: Unable to find inner node CompressedPak for hierarchical cache Hierarchy.
[2020.02.19-13.55.44:083][  0]LogDerivedDataCache: Display: Pak cache opened for reading ../../../Engine/DerivedDataCache/Compressed.ddp.
[2020.02.19-13.55.44:083][  0]LogDerivedDataCache: FDerivedDataBackendGraph:  EnterprisePak pak cache file ../../../Enterprise/DerivedDataCache/Compressed.ddp not found, will not use a pak cache.
[2020.02.19-13.55.44:083][  0]LogDerivedDataCache: Unable to find inner node EnterprisePak for hierarchical cache Hierarchy.
[2020.02.19-13.55.44:084][  0]LogDerivedDataCache: Using Local data cache path C:/Users/Damien/AppData/Local/UnrealEngine/Common/DerivedDataCache: Writable
[2020.02.19-13.55.44:084][  0]LogDerivedDataCache: Shared data cache path not found in *engine.ini, will not use an Shared cache.
[2020.02.19-13.55.44:084][  0]LogDerivedDataCache: Unable to find inner node Shared for hierarchical cache Hierarchy.
[2020.02.19-13.55.44:106][  0]LogMaterial: Verifying Global Shaders for PCD3D_SM5
[2020.02.19-13.55.44:108][  0]LogSlate: Using FreeType 2.6.0
[2020.02.19-13.55.44:108][  0]LogSlate: SlateFontServices - WITH_FREETYPE: 1, WITH_HARFBUZZ: 1
[2020.02.19-13.55.44:233][  0]LogInit: Using OS detected language (fr-FR).
[2020.02.19-13.55.44:233][  0]LogInit: Using OS detected locale (fr-FR).
[2020.02.19-13.55.44:233][  0]LogTextLocalizationManager: No localization for 'fr-FR' exists, so 'en' will be used for the language.
[2020.02.19-13.55.44:233][  0]LogTextLocalizationManager: No localization for 'fr-FR' exists, so 'en' will be used for the locale.
[2020.02.19-13.55.44:233][  0]LogSlate: FontCache flush requested. Reason: Culture for localization was changed
[2020.02.19-13.55.44:233][  0]LogSlate: FontCache flush requested. Reason: Culture for localization was changed
[2020.02.19-13.55.44:233][  0]LogTextLocalizationManager: Compacting localization data took   0.00ms
[2020.02.19-13.55.44:239][  0]LogAssetRegistry: FAssetRegistry took 0.0024 seconds to start up
[2020.02.19-13.55.44:448][  0]LogPackageLocalizationCache: Processed 15 localized package path(s) for 1 prioritized culture(s) in 0.000768 seconds
[2020.02.19-13.55.44:501][  0]LogInit: Selected Device Profile: [Windows]
[2020.02.19-13.55.44:540][  0]LogMeshReduction: Using QuadricMeshReduction for automatic static mesh reduction
[2020.02.19-13.55.44:540][  0]LogMeshReduction: Using SimplygonMeshReduction for automatic skeletal mesh reduction
[2020.02.19-13.55.44:540][  0]LogMeshReduction: Using ProxyLODMeshReduction for automatic mesh merging
[2020.02.19-13.55.44:540][  0]LogMeshReduction: No distributed automatic mesh merging module available
[2020.02.19-13.55.44:540][  0]LogMeshMerging: No distributed automatic mesh merging module available
[2020.02.19-13.55.44:646][  0]LogNetVersion: MMI_VR 1.0.0, NetCL: 8386587, EngineNetVer: 11, GameNetVer: 0 (Checksum: 2145143680)
[2020.02.19-13.55.45:159][  0]LogMoviePlayer: Initializing movie player
[2020.02.19-13.55.45:256][  0]LogTcpMessaging: Initializing TcpMessaging bridge
[2020.02.19-13.55.45:258][  0]LogUdpMessaging: Initializing bridge on interface 0.0.0.0:0 to multicast group 230.0.0.1:6666.
[2020.02.19-13.55.45:280][  0]LogLinker: Warning: Asset '../../Plugins/Runtime/WebBrowserWidget/Content/WebTexture_M.uasset' has been saved with empty engine version. The asset will be loaded but may be incompatible.
[2020.02.19-13.55.45:281][  0]LogLinker: Warning: Asset '../../Plugins/Runtime/WebBrowserWidget/Content/WebTexture_T.uasset' has been saved with empty engine version. The asset will be loaded but may be incompatible.
[2020.02.19-13.55.45:286][  0]LogLinker: Warning: Asset '../../Plugins/Runtime/WebBrowserWidget/Content/WebTexture_TM.uasset' has been saved with empty engine version. The asset will be loaded but may be incompatible.
[2020.02.19-13.55.45:349][  0]SourceControl: Source control is disabled
[2020.02.19-13.55.45:349][  0]SourceControl: Source control is disabled
[2020.02.19-13.55.45:350][  0]SourceControl: Source control is disabled
[2020.02.19-13.55.45:388][  0]LogAndroidPermission: UAndroidPermissionCallbackProxy::GetInstance
[2020.02.19-13.55.45:593][  0]LogOcInput: OculusInput pre-init called
[2020.02.19-13.55.45:608][  0]LogUObjectArray: 48917 objects as part of root set at end of initial load.
[2020.02.19-13.55.45:608][  0]LogUObjectAllocator: 8628104 out of 0 bytes used by permanent object pool.
[2020.02.19-13.55.45:608][  0]LogUObjectArray: CloseDisregardForGC: 0/0 objects in disregard for GC pool
[2020.02.19-13.55.45:666][  0]LogEngine: Initializing Engine...
[2020.02.19-13.55.45:668][  0]LogStats: UGameplayTagsManager::InitializeManager -  0.000 s
[2020.02.19-13.55.45:871][  0]LogInit: Initializing FReadOnlyCVARCache
[2020.02.19-13.55.45:946][  0]LogInit: XAudio2 using 'Haut-parleurs (Logitech G430 Gaming Headset)' : 6 channels at 48 kHz using 16 bits per sample (channel mask 0x3f)
[2020.02.19-13.55.45:980][  0]LogInit: FAudioDevice initialized.
[2020.02.19-13.55.45:982][  0]LogNetVersion: Set ProjectVersion to 1.0.0.0. Version Checksum will be recalculated on next use.
[2020.02.19-13.55.45:993][  0]LogInit: Texture streaming: Enabled
[2020.02.19-13.55.46:148][  0]LogSlate: Updating window title bar state: overlay mode, drag disabled, window buttons hidden, title bar hidden
[2020.02.19-13.55.46:149][  0]LogInit: Display: Game Engine Initialized.
[2020.02.19-13.55.46:202][  0]LogInit: Display: Starting Game.
[2020.02.19-13.55.46:202][  0]LogNet: Browse: /Game/salle_progra/Map_progra?Name=Player
[2020.02.19-13.55.46:202][  0]LogLoad: LoadMap: /Game/salle_progra/Map_progra?Name=Player
[2020.02.19-13.55.46:202][  0]LogWorld: BeginTearingDown for /Temp/Untitled_0
[2020.02.19-13.55.46:204][  0]LogWorld: UWorld::CleanupWorld for Untitled, bSessionEnded=true, bCleanupResources=true
[2020.02.19-13.55.46:229][  0]LogUObjectHash: Compacting FUObjectHashTables data took   2.36ms
[2020.02.19-13.55.46:440][  0]LogLinker: Warning: Asset '../../../../../../Damien/Documents/Unreal Projects/MMI_VR/Content/MSPresets/MSTextures/Normal.uasset' has been saved with empty engine version. The asset will be loaded but may be incompatible.
[2020.02.19-13.55.46:440][  0]LogLinker: Warning: Asset '../../../../../../Damien/Documents/Unreal Projects/MMI_VR/Content/MSPresets/MSTextures/Roughness.uasset' has been saved with empty engine version. The asset will be loaded but may be incompatible.
[2020.02.19-13.55.46:440][  0]LogLinker: Warning: Asset '../../../../../../Damien/Documents/Unreal Projects/MMI_VR/Content/MSPresets/MSTextures/Albedo.uasset' has been saved with empty engine version. The asset will be loaded but may be incompatible.
[2020.02.19-13.55.46:945][  0]LogAIModule: Creating AISystem for world Map_progra
[2020.02.19-13.55.46:945][  0]LogLoad: Game class is 'GameModeBase'
[2020.02.19-13.55.46:953][  0]LogWorld: Bringing World /Game/salle_progra/Map_progra.Map_progra up for play (max tick rate 0) at 2020.02.19-14.55.46
[2020.02.19-13.55.46:953][  0]LogWorld: Bringing up level for play took: 0.006950
[2020.02.19-13.55.46:953][  0]LogGameMode: FindPlayerStart: PATHS NOT DEFINED or NO PLAYERSTART with positive rating
[2020.02.19-13.55.46:956][  0]LogBlueprintUserMessages: [BP_BrowserMonitor_2] https://marill.dev
[2020.02.19-13.55.46:956][  0]LogBlueprintUserMessages: [BPI_WebBrowser_C_0] yousk : https://marill.dev
[2020.02.19-13.55.46:956][  0]LogBlueprintUserMessages: [BPI_WebBrowser_C_0] yousk2 : 
[2020.02.19-13.55.46:960][  0]LogLoad: Took 0.757095 seconds to LoadMap(/Game/salle_progra/Map_progra)
[2020.02.19-13.55.46:970][  0]LogSlate: Took 0.000282 seconds to synchronously load lazily loaded font '../../../Engine/Content/Slate/Fonts/Roboto-Regular.ttf' (155K)
[2020.02.19-13.55.46:989][  0]LogRenderer: Reallocating scene render targets to support 1280x720 Format 26 NumSamples 1 (Frame:1).
[2020.02.19-13.55.46:989][  0]LogLoad: (Engine Initialization) Total time: 5.78 seconds
[2020.02.19-13.55.46:989][  0]LogLoad: (Engine Initialization) Total Blueprint compile time: 0.00 seconds
[2020.02.19-13.55.47:086][  0]LogOcInput: OculusInput is initialized
[2020.02.19-13.55.47:088][  0]LogContentStreaming: Texture pool size now 1000 MB
[2020.02.19-13.55.47:193][  1]LogSlate: Took 0.000275 seconds to synchronously load lazily loaded font '../../../Engine/Content/Slate/Fonts/Roboto-Regular.ttf' (155K)
[2020.02.19-13.56.16:486][816]LogSlate: Window 'MMI_VR (64-bit Development PCD3D_SM5) ' being destroyed
[2020.02.19-13.56.16:486][816]LogWindowsTextInputMethodSystem: Display: IME system now deactivated.
[2020.02.19-13.56.16:490][816]LogSlate: Updating window title bar state: overlay mode, drag disabled, window buttons hidden, title bar hidden
[2020.02.19-13.56.16:490][816]LogEngine: All Windows Closed
[2020.02.19-13.56.16:490][816]LogWindows: FPlatformMisc::RequestExit(0)
[2020.02.19-13.56.16:497][817]LogWorld: BeginTearingDown for /Game/salle_progra/Map_progra
[2020.02.19-13.56.16:497][817]LogWorld: UWorld::CleanupWorld for Map_progra, bSessionEnded=true, bCleanupResources=true
[2020.02.19-13.56.16:686][817]LogExit: Preparing to exit.
[2020.02.19-13.56.16:686][817]LogMoviePlayer: Shutting down movie player
[2020.02.19-13.56.17:360][817]LogSlate: Updating window title bar state: overlay mode, drag disabled, window buttons hidden, title bar hidden
[2020.02.19-13.56.17:381][817]LogDemo: Cleaned up 0 splitscreen connections with owner deletion
[2020.02.19-13.56.17:393][817]LogExit: Game engine shut down
[2020.02.19-13.56.17:955][817]LogExit: Object subsystem successfully closed.
[2020.02.19-13.56.18:044][817]LogShaderCompilers: Display: Shaders left to compile 0
[2020.02.19-13.56.18:175][817]LogModuleManager: Shutting down and abandoning module SequenceRecorderSections (414)
[2020.02.19-13.56.18:175][817]LogModuleManager: Shutting down and abandoning module SequenceRecorder (412)
[2020.02.19-13.56.18:175][817]LogModuleManager: Shutting down and abandoning module AutomationController (410)
[2020.02.19-13.56.18:175][817]LogModuleManager: Shutting down and abandoning module AutomationWorker (408)
[2020.02.19-13.56.18:175][817]LogModuleManager: Shutting down and abandoning module Voice (406)
[2020.02.19-13.56.18:175][817]LogModuleManager: Shutting down and abandoning module AIModule (404)
[2020.02.19-13.56.18:175][817]LogModuleManager: Shutting down and abandoning module GameplayDebugger (403)
[2020.02.19-13.56.18:175][817]LogModuleManager: Shutting down and abandoning module AITestSuite (401)
[2020.02.19-13.56.18:175][817]LogModuleManager: Shutting down and abandoning module NavigationSystem (399)
[2020.02.19-13.56.18:175][817]LogModuleManager: Shutting down and abandoning module OculusMR (396)
[2020.02.19-13.56.18:175][817]LogModuleManager: Shutting down and abandoning module WmfMediaFactory (394)
[2020.02.19-13.56.18:175][817]LogModuleManager: Shutting down and abandoning module WebMMediaFactory (392)
[2020.02.19-13.56.18:175][817]LogModuleManager: Shutting down and abandoning module WebMMedia (390)
[2020.02.19-13.56.18:175][817]LogModuleManager: Shutting down and abandoning module OpenExrWrapper (388)
[2020.02.19-13.56.18:175][817]LogModuleManager: Shutting down and abandoning module ImgMediaFactory (386)
[2020.02.19-13.56.18:175][817]LogModuleManager: Shutting down and abandoning module AvfMediaFactory (384)
[2020.02.19-13.56.18:175][817]LogModuleManager: Shutting down and abandoning module MagicLeapCameraPreviewFactory (382)
[2020.02.19-13.56.18:175][817]LogModuleManager: Shutting down and abandoning module MagicLeapMediaCodecFactory (380)
[2020.02.19-13.56.18:175][817]LogModuleManager: Shutting down and abandoning module MagicLeapMediaFactory (378)
[2020.02.19-13.56.18:175][817]LogModuleManager: Shutting down and abandoning module CharacterAI (376)
[2020.02.19-13.56.18:175][817]LogModuleManager: Shutting down and abandoning module SessionServices (374)
[2020.02.19-13.56.18:175][817]LogModuleManager: Shutting down and abandoning module MovieSceneCapture (372)
[2020.02.19-13.56.18:175][817]LogModuleManager: Shutting down and abandoning module LiveCoding (370)
[2020.02.19-13.56.18:175][817]LogModuleManager: Shutting down and abandoning module LevelSequence (368)
[2020.02.19-13.56.18:175][817]LogModuleManager: Shutting down and abandoning module MovieSceneTracks (366)
[2020.02.19-13.56.18:175][817]LogModuleManager: Shutting down and abandoning module MovieScene (364)
[2020.02.19-13.56.18:175][817]LogModuleManager: Shutting down and abandoning module StreamingPauseRendering (362)
[2020.02.19-13.56.18:175][817]LogModuleManager: Shutting down and abandoning module PortalServices (360)
[2020.02.19-13.56.18:175][817]LogModuleManager: Shutting down and abandoning module PortalRpc (358)
[2020.02.19-13.56.18:175][817]LogModuleManager: Shutting down and abandoning module MessagingRpc (356)
[2020.02.19-13.56.18:175][817]LogModuleManager: Shutting down and abandoning module ImageWriteQueue (354)
[2020.02.19-13.56.18:177][817]LogModuleManager: Shutting down and abandoning module ProfilerService (352)
[2020.02.19-13.56.18:179][817]LogModuleManager: Shutting down and abandoning module TaskGraph (350)
[2020.02.19-13.56.18:179][817]LogModuleManager: Shutting down and abandoning module SteamVRController (348)
[2020.02.19-13.56.18:179][817]LogModuleManager: Shutting down and abandoning module ProceduralMeshComponent (346)
[2020.02.19-13.56.18:179][817]LogModuleManager: Shutting down and abandoning module OculusInput (344)
[2020.02.19-13.56.18:179][817]LogModuleManager: Shutting down and abandoning module MobilePatchingUtils (342)
[2020.02.19-13.56.18:179][817]LogModuleManager: Shutting down and abandoning module EditableMesh (340)
[2020.02.19-13.56.18:179][817]LogModuleManager: Shutting down and abandoning module CustomMeshComponent (338)
[2020.02.19-13.56.18:179][817]LogModuleManager: Shutting down and abandoning module CableComponent (336)
[2020.02.19-13.56.18:179][817]LogModuleManager: Shutting down and abandoning module AudioCapture (334)
[2020.02.19-13.56.18:179][817]LogModuleManager: Shutting down and abandoning module ArchVisCharacter (332)
[2020.02.19-13.56.18:179][817]LogModuleManager: Shutting down and abandoning module AppleImageUtilsBlueprintSupport (330)
[2020.02.19-13.56.18:179][817]LogModuleManager: Shutting down and abandoning module AppleImageUtils (328)
[2020.02.19-13.56.18:179][817]LogModuleManager: Shutting down and abandoning module AndroidPermission (326)
[2020.02.19-13.56.18:179][817]LogModuleManager: Shutting down and abandoning module NUTUnrealEngine4 (324)
[2020.02.19-13.56.18:179][817]LogModuleManager: Shutting down and abandoning module NetcodeUnitTest (322)
[2020.02.19-13.56.18:179][817]LogModuleManager: Shutting down and abandoning module MediaCompositing (320)
[2020.02.19-13.56.18:179][817]LogModuleManager: Shutting down and abandoning module ImgMedia (318)
[2020.02.19-13.56.18:179][817]LogModuleManager: Shutting down and abandoning module MagicLeapHelperVulkan (316)
[2020.02.19-13.56.18:179][817]LogModuleManager: Shutting down and abandoning module MagicLeapHelperOpenGL (314)
[2020.02.19-13.56.18:179][817]LogModuleManager: Shutting down and abandoning module MagicLeapAudio (312)
[2020.02.19-13.56.18:179][817]LogModuleManager: Shutting down and abandoning module HTML5Networking (310)
[2020.02.19-13.56.18:179][817]LogModuleManager: Shutting down and abandoning module GeometryCacheTracks (308)
[2020.02.19-13.56.18:179][817]LogModuleManager: Shutting down and abandoning module GeometryCacheSequencer (307)
[2020.02.19-13.56.18:179][817]LogModuleManager: Shutting down and abandoning module GeometryCache (304)
[2020.02.19-13.56.18:179][817]LogModuleManager: Shutting down and abandoning module GeometryCacheEd (303)
[2020.02.19-13.56.18:179][817]LogModuleManager: Shutting down and abandoning module BackChannel (300)
[2020.02.19-13.56.18:179][817]LogModuleManager: Shutting down and abandoning module AutomationUtils (298)
[2020.02.19-13.56.18:179][817]LogModuleManager: Shutting down and abandoning module VariantManagerContent (296)
[2020.02.19-13.56.18:179][817]LogModuleManager: Shutting down and abandoning module CryptoKeysOpenSSL (294)
[2020.02.19-13.56.18:179][817]LogModuleManager: Shutting down and abandoning module CryptoKeys (292)
[2020.02.19-13.56.18:179][817]LogModuleManager: Shutting down and abandoning module VisualStudioSourceCodeAccess (290)
[2020.02.19-13.56.18:179][817]LogModuleManager: Shutting down and abandoning module HotReload (289)
[2020.02.19-13.56.18:179][817]LogModuleManager: Shutting down and abandoning module DirectoryWatcher (288)
[2020.02.19-13.56.18:179][817]LogModuleManager: Shutting down and abandoning module VisualStudioCodeSourceCodeAccess (284)
[2020.02.19-13.56.18:179][817]LogModuleManager: Shutting down and abandoning module UObjectPlugin (282)
[2020.02.19-13.56.18:179][817]LogModuleManager: Shutting down and abandoning module SubversionSourceControl (280)
[2020.02.19-13.56.18:179][817]LogModuleManager: Shutting down and abandoning module PerforceSourceControl (278)
[2020.02.19-13.56.18:246][817]LogModuleManager: Shutting down and abandoning module SourceControl (277)
[2020.02.19-13.56.18:246][817]LogModuleManager: Shutting down and abandoning module CLionSourceCodeAccess (274)
[2020.02.19-13.56.18:246][817]LogModuleManager: Shutting down and abandoning module ActorLayerUtilities (272)
[2020.02.19-13.56.18:246][817]LogModuleManager: Shutting down and abandoning module WebBrowserWidget (270)
[2020.02.19-13.56.18:246][817]LogModuleManager: Shutting down and abandoning module WebBrowser (269)
[2020.02.19-13.56.18:517][817]LogModuleManager: Shutting down and abandoning module SignificanceManager (266)
[2020.02.19-13.56.18:517][817]LogModuleManager: Shutting down and abandoning module RuntimePhysXCooking (264)
[2020.02.19-13.56.18:517][817]LogModuleManager: Shutting down and abandoning module PhysXVehiclesEditor (262)
[2020.02.19-13.56.18:517][817]LogModuleManager: Shutting down and abandoning module LocationServicesBPLibrary (258)
[2020.02.19-13.56.18:517][817]LogModuleManager: Shutting down and abandoning module ActorSequence (256)
[2020.02.19-13.56.18:517][817]LogModuleManager: Shutting down and abandoning module UdpMessaging (254)
[2020.02.19-13.56.18:618][817]LogModuleManager: Shutting down and abandoning module TcpMessaging (252)
[2020.02.19-13.56.18:718][817]LogModuleManager: Shutting down and abandoning module MagicLeapIdentity (250)
[2020.02.19-13.56.18:718][817]LogModuleManager: Shutting down and abandoning module MagicLeapSecureStorage (248)
[2020.02.19-13.56.18:718][817]LogModuleManager: Shutting down and abandoning module MagicLeapHandTracking (246)
[2020.02.19-13.56.18:718][817]LogModuleManager: Shutting down and abandoning module MagicLeapEyeTracker (244)
[2020.02.19-13.56.18:718][817]LogModuleManager: Shutting down and abandoning module MagicLeapController (242)
[2020.02.19-13.56.18:718][817]LogSlate: Slate User Destroyed.  User Index 0, Is Virtual User: 0
[2020.02.19-13.56.18:718][817]LogModuleManager: Shutting down and abandoning module MagicLeapAR (240)
[2020.02.19-13.56.18:718][817]LogModuleManager: Shutting down and abandoning module AugmentedReality (239)
[2020.02.19-13.56.18:718][817]LogModuleManager: Shutting down and abandoning module GameplayTagsEditor (236)
[2020.02.19-13.56.18:718][817]LogModuleManager: Shutting down and abandoning module FacialAnimation (234)
[2020.02.19-13.56.18:718][817]LogModuleManager: Shutting down and abandoning module AssetManagerEditor (232)
[2020.02.19-13.56.18:752][817]LogModuleManager: Shutting down and abandoning module TreeMap (231)
[2020.02.19-13.56.18:752][817]LogModuleManager: Shutting down and abandoning module AnimationSharing (228)
[2020.02.19-13.56.18:752][817]LogModuleManager: Shutting down and abandoning module LightPropagationVolumeRuntime (226)
[2020.02.19-13.56.18:752][817]LogModuleManager: Shutting down and abandoning module Paper2D (224)
[2020.02.19-13.56.18:752][817]LogModuleManager: Shutting down and abandoning module WindowsMoviePlayer (222)
[2020.02.19-13.56.18:754][817]LogModuleManager: Shutting down and abandoning module WebMMoviePlayer (220)
[2020.02.19-13.56.18:754][817]LogModuleManager: Shutting down and abandoning module NetworkReplayStreaming (218)
[2020.02.19-13.56.18:754][817]LogModuleManager: Shutting down and abandoning module PacketHandler (216)
[2020.02.19-13.56.18:754][817]LogModuleManager: Shutting down and abandoning module ClothingSystemEditor (214)
[2020.02.19-13.56.18:754][817]LogModuleManager: Shutting down and abandoning module ClothingSystemRuntime (212)
[2020.02.19-13.56.18:762][817]LogModuleManager: Shutting down and abandoning module MediaAssets (210)
[2020.02.19-13.56.18:762][817]LogModuleManager: Shutting down and abandoning module Overlay (208)
[2020.02.19-13.56.18:762][817]LogModuleManager: Shutting down and abandoning module OverlayEditor (207)
[2020.02.19-13.56.18:762][817]LogModuleManager: Shutting down and abandoning module VREditor (204)
[2020.02.19-13.56.18:763][817]LogModuleManager: Shutting down and abandoning module StringTableEditor (202)
[2020.02.19-13.56.18:783][817]LogModuleManager: Shutting down and abandoning module GameplayTasksEditor (200)
[2020.02.19-13.56.18:783][817]LogModuleManager: Shutting down and abandoning module BehaviorTreeEditor (198)
[2020.02.19-13.56.18:797][817]LogModuleManager: Shutting down and abandoning module FunctionalTesting (196)
[2020.02.19-13.56.18:798][817]LogModuleManager: Shutting down and abandoning module CollisionAnalyzer (194)
[2020.02.19-13.56.18:798][817]LogModuleManager: Shutting down and abandoning module WorkspaceMenuStructure (193)
[2020.02.19-13.56.18:798][817]LogModuleManager: Shutting down and abandoning module UMG (190)
[2020.02.19-13.56.18:798][817]LogModuleManager: Shutting down and abandoning module UMGEditor (189)
[2020.02.19-13.56.18:798][817]LogModuleManager: Shutting down and abandoning module Sequencer (188)
[2020.02.19-13.56.18:798][817]LogModuleManager: Shutting down and abandoning module MessageLog (185)
[2020.02.19-13.56.18:798][817]LogModuleManager: Shutting down and abandoning module SlateReflector (180)
[2020.02.19-13.56.18:814][817]LogModuleManager: Shutting down and abandoning module Slate (178)
[2020.02.19-13.56.18:814][817]LogModuleManager: Shutting down and abandoning module LandscapeEditorUtilities (176)
[2020.02.19-13.56.18:814][817]LogModuleManager: Shutting down and abandoning module EditorStyle (174)
[2020.02.19-13.56.18:815][817]LogModuleManager: Shutting down and abandoning module UnrealEd (172)
[2020.02.19-13.56.18:815][817]LogModuleManager: Shutting down and abandoning module MRMesh (170)
[2020.02.19-13.56.18:815][817]LogModuleManager: Shutting down and abandoning module Messaging (168)
[2020.02.19-13.56.18:815][817]LogModuleManager: Shutting down and abandoning module SourceCodeAccess (166)
[2020.02.19-13.56.18:815][817]LogModuleManager: Shutting down and abandoning module HeadMountedDisplay (164)
[2020.02.19-13.56.18:815][817]LogModuleManager: Shutting down and abandoning module XAudio2 (162)
[2020.02.19-13.56.18:815][817]LogModuleManager: Shutting down and abandoning module Networking (160)
[2020.02.19-13.56.18:815][817]LogModuleManager: Shutting down and abandoning module Core (158)
[2020.02.19-13.56.18:815][817]LogModuleManager: Shutting down and abandoning module KismetCompiler (156)
[2020.02.19-13.56.18:815][817]LogModuleManager: Shutting down and abandoning module MeshUtilities (154)
[2020.02.19-13.56.18:826][817]LogModuleManager: Shutting down and abandoning module MeshMergeUtilities (153)
[2020.02.19-13.56.18:826][817]LogModuleManager: Shutting down and abandoning module MeshReductionInterface (152)
[2020.02.19-13.56.18:826][817]LogModuleManager: Shutting down and abandoning module SkeletalMeshReduction (151)
[2020.02.19-13.56.18:844][817]LogModuleManager: Shutting down and abandoning module ProxyLODMeshReduction (149)
[2020.02.19-13.56.18:872][817]LogModuleManager: Shutting down and abandoning module QuadricMeshReduction (147)
[2020.02.19-13.56.18:872][817]LogModuleManager: Shutting down and abandoning module MaterialBaking (143)
[2020.02.19-13.56.18:882][817]LogModuleManager: Shutting down and abandoning module NullInstallBundleManager (138)
[2020.02.19-13.56.18:882][817]LogModuleManager: Shutting down and abandoning module PIEPreviewDeviceProfileSelector (136)
[2020.02.19-13.56.18:924][817]LogModuleManager: Shutting down and abandoning module DerivedDataCache (134)
[2020.02.19-13.56.19:117][817]LogDerivedDataCache: Shutdown
[2020.02.19-13.56.19:117][817]LogModuleManager: Shutting down and abandoning module XGEController (132)
[2020.02.19-13.56.19:117][817]LogModuleManager: Shutting down and abandoning module TargetPlatform (130)
[2020.02.19-13.56.19:117][817]LogModuleManager: Shutting down and abandoning module VulkanShaderFormat (129)
[2020.02.19-13.56.19:117][817]LogModuleManager: Shutting down and abandoning module ShaderFormatVectorVM (127)
[2020.02.19-13.56.19:117][817]LogModuleManager: Shutting down and abandoning module ShaderFormatOpenGL (125)
[2020.02.19-13.56.19:130][817]LogModuleManager: Shutting down and abandoning module ShaderFormatD3D (123)
[2020.02.19-13.56.19:130][817]LogModuleManager: Shutting down and abandoning module MetalShaderFormat (121)
[2020.02.19-13.56.19:130][817]LogModuleManager: Shutting down and abandoning module TextureFormatUncompressed (119)
[2020.02.19-13.56.19:130][817]LogModuleManager: Shutting down and abandoning module TextureFormatPVR (117)
[2020.02.19-13.56.19:130][817]LogModuleManager: Shutting down and abandoning module TextureFormatDXT (115)
[2020.02.19-13.56.19:130][817]LogModuleManager: Shutting down and abandoning module TextureFormatIntelISPCTexComp (113)
[2020.02.19-13.56.19:130][817]LogModuleManager: Shutting down and abandoning module TextureFormatASTC (111)
[2020.02.19-13.56.19:130][817]LogModuleManager: Shutting down and abandoning module ImageWrapper (110)
[2020.02.19-13.56.19:130][817]LogModuleManager: Shutting down and abandoning module TextureFormatAndroid (107)
[2020.02.19-13.56.19:130][817]LogModuleManager: Shutting down and abandoning module AudioFormatOpus (105)
[2020.02.19-13.56.19:130][817]LogModuleManager: Shutting down and abandoning module AudioFormatOgg (103)
[2020.02.19-13.56.19:130][817]LogModuleManager: Shutting down and abandoning module AudioFormatADPCM (101)
[2020.02.19-13.56.19:130][817]LogModuleManager: Shutting down and abandoning module WindowsTargetPlatform (99)
[2020.02.19-13.56.19:130][817]LogModuleManager: Shutting down and abandoning module WindowsServerTargetPlatform (97)
[2020.02.19-13.56.19:130][817]LogModuleManager: Shutting down and abandoning module WindowsNoEditorTargetPlatform (95)
[2020.02.19-13.56.19:130][817]LogModuleManager: Shutting down and abandoning module WindowsClientTargetPlatform (93)
[2020.02.19-13.56.19:130][817]LogModuleManager: Shutting down and abandoning module InputCore (90)
[2020.02.19-13.56.19:130][817]LogModuleManager: Shutting down and abandoning module Settings (88)
[2020.02.19-13.56.19:130][817]LogModuleManager: Shutting down and abandoning module PhysXCooking (86)
[2020.02.19-13.56.19:130][817]LogModuleManager: Shutting down and abandoning module WindowsPlatformFeatures (84)
[2020.02.19-13.56.19:130][817]LogModuleManager: Shutting down and abandoning module GameplayMediaEncoder (83)
[2020.02.19-13.56.19:130][817]LogModuleManager: Shutting down and abandoning module SteamVR (80)
[2020.02.19-13.56.19:130][817]LogHMD: Freeing OpenVRDLLHandle.
[2020.02.19-13.56.19:130][817]LogModuleManager: Shutting down and abandoning module OculusHMD (78)
[2020.02.19-13.56.19:131][817]LogModuleManager: Shutting down and abandoning module ExampleDeviceProfileSelector (76)
[2020.02.19-13.56.19:131][817]LogModuleManager: Shutting down and abandoning module LauncherChunkInstaller (74)
[2020.02.19-13.56.19:131][817]LogModuleManager: Shutting down and abandoning module OnlineBlueprintSupport (72)
[2020.02.19-13.56.19:131][817]LogModuleManager: Shutting down and abandoning module OnlineSubsystem (68)
[2020.02.19-13.56.19:132][817]LogModuleManager: Shutting down and abandoning module XMPP (63)
[2020.02.19-13.56.19:166][817]LogModuleManager: Shutting down and abandoning module WebSockets (62)
[2020.02.19-13.56.19:237][817]LogModuleManager: Shutting down and abandoning module HTTP (59)
[2020.02.19-13.56.19:255][817]LogModuleManager: Shutting down and abandoning module SSL (58)
[2020.02.19-13.56.19:258][817]LogModuleManager: Shutting down and abandoning module WmfMedia (54)
[2020.02.19-13.56.19:299][817]LogModuleManager: Shutting down and abandoning module Media (53)
[2020.02.19-13.56.19:300][817]LogModuleManager: Shutting down and abandoning module MagicLeap (50)
[2020.02.19-13.56.19:300][817]LogModuleManager: Shutting down and abandoning module DatasmithContent (48)
[2020.02.19-13.56.19:300][817]LogModuleManager: Shutting down and abandoning module AISupportModule (46)
[2020.02.19-13.56.19:300][817]LogModuleManager: Shutting down and abandoning module PythonScriptPluginPreload (44)
[2020.02.19-13.56.19:301][817]LogModuleManager: Shutting down and abandoning module PlatformCryptoOpenSSL (42)
[2020.02.19-13.56.19:301][817]LogModuleManager: Shutting down and abandoning module PlatformCrypto (40)
[2020.02.19-13.56.19:301][817]LogModuleManager: Shutting down and abandoning module AnimationModifiers (38)
[2020.02.19-13.56.19:313][817]LogModuleManager: Shutting down and abandoning module PropertyEditor (37)
[2020.02.19-13.56.19:313][817]LogModuleManager: Shutting down and abandoning module AudioEditor (34)
[2020.02.19-13.56.19:329][817]LogModuleManager: Shutting down and abandoning module TextureCompressor (32)
[2020.02.19-13.56.19:330][817]LogModuleManager: Shutting down and abandoning module RenderCore (30)
[2020.02.19-13.56.19:330][817]LogModuleManager: Shutting down and abandoning module Landscape (28)
[2020.02.19-13.56.19:330][817]LogModuleManager: Shutting down and abandoning module SlateRHIRenderer (26)
[2020.02.19-13.56.19:330][817]LogModuleManager: Shutting down and abandoning module OpenGLDrv (24)
[2020.02.19-13.56.19:370][817]LogModuleManager: Shutting down and abandoning module D3D11RHI (22)
[2020.02.19-13.56.19:370][817]LogModuleManager: Shutting down and abandoning module AnimGraphRuntime (20)
[2020.02.19-13.56.19:370][817]LogModuleManager: Shutting down and abandoning module Renderer (18)
[2020.02.19-13.56.19:370][817]LogModuleManager: Shutting down and abandoning module Engine (16)
[2020.02.19-13.56.19:370][817]LogModuleManager: Shutting down and abandoning module CoreUObject (14)
[2020.02.19-13.56.19:370][817]LogModuleManager: Shutting down and abandoning module NetworkFile (12)
[2020.02.19-13.56.19:370][817]LogModuleManager: Shutting down and abandoning module CookedIterativeFile (10)
[2020.02.19-13.56.19:370][817]LogModuleManager: Shutting down and abandoning module StreamingFile (8)
[2020.02.19-13.56.19:370][817]LogModuleManager: Shutting down and abandoning module SandboxFile (6)
[2020.02.19-13.56.19:370][817]LogModuleManager: Shutting down and abandoning module PakFile (4)
[2020.02.19-13.56.19:370][817]LogModuleManager: Shutting down and abandoning module RSA (3)
[2020.02.19-13.56.19:370][817]LogD3D11RHI: Shutdown
[2020.02.19-13.56.19:370][817]LogD3D11RHI: CleanupD3DDevice
[2020.02.19-13.56.19:381][817]LogRendererCore: FGlobalDynamicReadBuffer::Cleanup()
[2020.02.19-13.56.19:381][817]LogRendererCore: FGlobalDynamicReadBuffer::Cleanup()
[2020.02.19-13.56.19:381][817]LogRendererCore: FGlobalDynamicReadBuffer::Cleanup()
[2020.02.19-13.56.19:436][817]LogD3D11RHI: ~FD3D11DynamicRHI
[2020.02.19-13.56.19:443][817]LogExit: Exiting.
[2020.02.19-13.56.19:455][817]Log file closed, 02/19/20 14:56:19
