Log file open, 02/09/20 11:30:47
LogWindows: Failed to load 'aqProf.dll' (GetLastError=126)
LogWindows: File 'aqProf.dll' does not exist
LogWindows: Failed to load 'VtuneApi.dll' (GetLastError=126)
LogWindows: File 'VtuneApi.dll' does not exist
LogWindows: Failed to load 'VtuneApi32e.dll' (GetLastError=126)
LogWindows: File 'VtuneApi32e.dll' does not exist
LogConsoleResponse: Display: Failed to find resolution value strings in scalability ini. Falling back to default.
LogInit: Display: Running engine for game: MMI_VR
LogPlatformFile: Not using cached read wrapper
LogTaskGraph: Started task graph with 5 named threads and 23 total threads with 3 sets of task threads.
LogStats: Stats thread started at 0.561213
LogD3D11RHI: Loaded GFSDK_Aftermath_Lib.x64.dll
LogICUInternationalization: ICU TimeZone Detection - Raw Offset: +1:00, Platform Override: ''
LogPluginManager: Mounting plugin Paper2D
LogPluginManager: Mounting plugin AISupport
LogPluginManager: Mounting plugin LightPropagationVolume
LogPluginManager: Mounting plugin ActorLayerUtilities
LogPluginManager: Mounting plugin AnimationSharing
LogPluginManager: Mounting plugin CLionSourceCodeAccess
LogPluginManager: Mounting plugin CodeLiteSourceCodeAccess
LogPluginManager: Mounting plugin GitSourceControl
LogPluginManager: Mounting plugin KDevelopSourceCodeAccess
LogPluginManager: Mounting plugin NullSourceCodeAccess
LogPluginManager: Mounting plugin PerforceSourceControl
LogPluginManager: Mounting plugin SubversionSourceControl
LogPluginManager: Mounting plugin UObjectPlugin
LogPluginManager: Mounting plugin VisualStudioCodeSourceCodeAccess
LogPluginManager: Mounting plugin VisualStudioSourceCodeAccess
LogPluginManager: Mounting plugin XCodeSourceCodeAccess
LogPluginManager: Mounting plugin AssetManagerEditor
LogPluginManager: Mounting plugin CryptoKeys
LogPluginManager: Mounting plugin CurveEditorTools
LogPluginManager: Mounting plugin DataValidation
LogPluginManager: Mounting plugin FacialAnimation
LogPluginManager: Mounting plugin GameplayTagsEditor
LogPluginManager: Mounting plugin MacGraphicsSwitching
LogPluginManager: Mounting plugin MaterialAnalyzer
LogPluginManager: Mounting plugin MobileLauncherProfileWizard
LogPluginManager: Mounting plugin PluginBrowser
LogPluginManager: Mounting plugin SpeedTreeImporter
LogPluginManager: Mounting plugin DatasmithContent
LogPluginManager: Mounting plugin VariantManagerContent
LogPluginManager: Mounting plugin AlembicImporter
LogPluginManager: Mounting plugin AutomationUtils
LogPluginManager: Mounting plugin BackChannel
LogPluginManager: Mounting plugin CharacterAI
LogPluginManager: Mounting plugin GeometryCache
LogPluginManager: Mounting plugin HTML5Networking
LogPluginManager: Mounting plugin PlatformCrypto
LogPluginManager: Mounting plugin ProxyLODPlugin
LogPluginManager: Mounting plugin SkeletalReduction
LogPluginManager: Mounting plugin MagicLeap
LogPluginManager: Mounting plugin MagicLeapMedia
LogPluginManager: Mounting plugin AndroidMedia
LogPluginManager: Mounting plugin AvfMedia
LogPluginManager: Mounting plugin ImgMedia
LogPluginManager: Mounting plugin MediaCompositing
LogPluginManager: Mounting plugin MediaPlayerEditor
LogPluginManager: Mounting plugin WebMMedia
LogPluginManager: Mounting plugin WmfMedia
LogPluginManager: Mounting plugin TcpMessaging
LogPluginManager: Mounting plugin UdpMessaging
LogPluginManager: Mounting plugin ActorSequence
LogPluginManager: Mounting plugin LevelSequenceEditor
LogPluginManager: Mounting plugin MatineeToLevelSequence
LogPluginManager: Mounting plugin NetcodeUnitTest
LogPluginManager: Mounting plugin NUTUnrealEngine4
LogPluginManager: Mounting plugin OnlineSubsystemGooglePlay
LogPluginManager: Mounting plugin OnlineSubsystemIOS
LogPluginManager: Mounting plugin OnlineSubsystem
LogPluginManager: Mounting plugin OnlineSubsystemNull
LogPluginManager: Mounting plugin OnlineSubsystemUtils
LogPluginManager: Mounting plugin LauncherChunkInstaller
LogPluginManager: Mounting plugin AndroidDeviceProfileSelector
LogPluginManager: Mounting plugin AndroidMoviePlayer
LogPluginManager: Mounting plugin AndroidPermission
LogPluginManager: Mounting plugin AppleImageUtils
LogPluginManager: Mounting plugin AppleMoviePlayer
LogPluginManager: Mounting plugin ArchVisCharacter
LogPluginManager: Mounting plugin AudioCapture
LogPluginManager: Mounting plugin CableComponent
LogPluginManager: Mounting plugin CustomMeshComponent
LogPluginManager: Mounting plugin EditableMesh
LogPluginManager: Mounting plugin ExampleDeviceProfileSelector
LogPluginManager: Mounting plugin GoogleCloudMessaging
LogPluginManager: Mounting plugin IOSDeviceProfileSelector
LogPluginManager: Mounting plugin LinuxDeviceProfileSelector
LogPluginManager: Mounting plugin LocationServicesBPLibrary
LogPluginManager: Mounting plugin MobilePatchingUtils
LogPluginManager: Mounting plugin OculusVR
LogPluginManager: Mounting plugin PhysXVehicles
LogPluginManager: Mounting plugin ProceduralMeshComponent
LogPluginManager: Mounting plugin RuntimePhysXCooking
LogPluginManager: Mounting plugin SignificanceManager
LogPluginManager: Mounting plugin SteamVR
LogPluginManager: Mounting plugin WebMMoviePlayer
LogPluginManager: Mounting plugin WindowsMoviePlayer
LogPluginManager: Mounting plugin ScreenshotTools
LogPluginManager: Mounting plugin UnrealEnginePython
LogInit: Using libcurl 7.55.1-DEV
LogInit:  - built for x86_64-pc-win32
LogInit:  - supports SSL with OpenSSL/1.1.1
LogInit:  - supports HTTP deflate (compression) using libz 1.2.8
LogInit:  - other features:
LogInit:      CURL_VERSION_SSL
LogInit:      CURL_VERSION_LIBZ
LogInit:      CURL_VERSION_IPV6
LogInit:      CURL_VERSION_ASYNCHDNS
LogInit:      CURL_VERSION_LARGEFILE
LogInit:      CURL_VERSION_IDN
LogInit:  CurlRequestOptions (configurable via config and command line):
LogInit:  - bVerifyPeer = true  - Libcurl will verify peer certificate
LogInit:  - bUseHttpProxy = false  - Libcurl will NOT use HTTP proxy
LogInit:  - bDontReuseConnections = false  - Libcurl will reuse connections
LogInit:  - MaxHostConnections = 16  - Libcurl will limit the number of connections to a host
LogInit:  - LocalHostAddr = Default
LogInit:  - BufferSize = 65536
LogOnline: OSS: Creating online subsystem instance for: NULL
LogInit: WinSock: version 1.1 (2.2), MaxSocks=32767, MaxUdp=65467
LogInit: Build: ++UE4+Release-4.23-CL-9631420
LogInit: Engine Version: 4.23.1-9631420+++UE4+Release-4.23
LogInit: Compatible Engine Version: 4.23.0-8386587+++UE4+Release-4.23
LogInit: Net CL: 8386587
LogInit: OS: Windows 10 (Release 1903) (), CPU: Intel(R) Xeon(R) CPU E3-1505M v6 @ 3.00GHz, GPU: Intel(R) HD Graphics P630
LogInit: Compiled (64-bit): Oct 18 2019 02:07:44
LogInit: Compiled with Visual C++: 19.16.27030.01
LogInit: Build Configuration: Development
LogInit: Branch Name: ++UE4+Release-4.23
LogInit: Command Line: 
LogInit: Base Directory: C:/Program Files/Epic Games/UE_4.23/Engine/Binaries/Win64/
LogInit: Installed Engine Build: 1
LogDevObjectVersion: Number of dev versions registered: 23
LogDevObjectVersion:   Dev-Blueprints (B0D832E4-1F89-4F0D-ACCF-7EB736FD4AA2): 10
LogDevObjectVersion:   Dev-Build (E1C64328-A22C-4D53-A36C-8E866417BD8C): 0
LogDevObjectVersion:   Dev-Core (375EC13C-06E4-48FB-B500-84F0262A717E): 3
LogDevObjectVersion:   Dev-Editor (E4B068ED-F494-42E9-A231-DA0B2E46BB41): 34
LogDevObjectVersion:   Dev-Framework (CFFC743F-43B0-4480-9391-14DF171D2073): 35
LogDevObjectVersion:   Dev-Mobile (B02B49B5-BB20-44E9-A304-32B752E40360): 2
LogDevObjectVersion:   Dev-Networking (A4E4105C-59A1-49B5-A7C5-40C4547EDFEE): 0
LogDevObjectVersion:   Dev-Online (39C831C9-5AE6-47DC-9A44-9C173E1C8E7C): 0
LogDevObjectVersion:   Dev-Physics (78F01B33-EBEA-4F98-B9B4-84EACCB95AA2): 0
LogDevObjectVersion:   Dev-Platform (6631380F-2D4D-43E0-8009-CF276956A95A): 0
LogDevObjectVersion:   Dev-Rendering (12F88B9F-8875-4AFC-A67C-D90C383ABD29): 31
LogDevObjectVersion:   Dev-Sequencer (7B5AE74C-D270-4C10-A958-57980B212A5A): 11
LogDevObjectVersion:   Dev-VR (D7296918-1DD6-4BDD-9DE2-64A83CC13884): 2
LogDevObjectVersion:   Dev-LoadTimes (C2A15278-BFE7-4AFE-6C17-90FF531DF755): 1
LogDevObjectVersion:   Private-Geometry (6EACA3D4-40EC-4CC1-B786-8BED09428FC5): 3
LogDevObjectVersion:   Dev-AnimPhys (29E575DD-E0A3-4627-9D10-D276232CDCEA): 17
LogDevObjectVersion:   Dev-Anim (AF43A65D-7FD3-4947-9873-3E8ED9C1BB05): 2
LogDevObjectVersion:   Dev-ReflectionCapture (6B266CEC-1EC7-4B8F-A30B-E4D90942FC07): 1
LogDevObjectVersion:   Dev-Automation (0DF73D61-A23F-47EA-B727-89E90C41499A): 1
LogDevObjectVersion:   FortniteMain (601D1886-AC64-4F84-AA16-D3DE0DEAC7D6): 27
LogDevObjectVersion:   Dev-Enterprise (9DFFBCD6-494F-0158-E221-12823C92A888): 6
LogDevObjectVersion:   Dev-Niagara (F2AED0AC-9AFE-416F-8664-AA7FFA26D6FC): 1
LogDevObjectVersion:   Dev-Destruction (174F1F0B-B4C6-45A5-B13F-2EE8D0FB917D): 9
LogInit: Presizing for max 16777216 objects, including 0 objects not considered by GC, pre-allocating 0 bytes for permanent pool.
LogInit: Object subsystem initialized
LogConfig: Setting CVar [[con.DebugEarlyDefault:1]]
LogConfig: Setting CVar [[r.setres:1280x720]]
[2020.02.09-10.30.48:724][  0]LogConfig: Setting CVar [[r.VSync:0]]
[2020.02.09-10.30.48:724][  0]LogConfig: Setting CVar [[r.RHICmdBypass:0]]
[2020.02.09-10.30.48:725][  0]LogConfig: Applying CVar settings from Section [/Script/Engine.RendererSettings] File [C:/Users/mmi/Documents/Unreal Projects/MMI_VR/Saved/Config/Windows/Engine.ini]
[2020.02.09-10.30.48:725][  0]LogConfig: Setting CVar [[r.GPUCrashDebugging:0]]
[2020.02.09-10.30.48:725][  0]LogConfig: Setting CVar [[r.DefaultFeature.AmbientOcclusion:0]]
[2020.02.09-10.30.48:725][  0]LogConfig: Setting CVar [[r.DefaultFeature.AmbientOcclusionStaticFraction:0]]
[2020.02.09-10.30.48:725][  0]LogConfig: Setting CVar [[vr.InstancedStereo:1]]
[2020.02.09-10.30.48:725][  0]LogConfig: Setting CVar [[r.SeparateTranslucency:0]]
[2020.02.09-10.30.48:725][  0]LogConfig: Setting CVar [[r.HZBOcclusion:0]]
[2020.02.09-10.30.48:725][  0]LogConfig: Setting CVar [[r.SSR.MaxRoughness:0]]
[2020.02.09-10.30.48:725][  0]LogConfig: Setting CVar [[r.rhicmdbypass:0]]
[2020.02.09-10.30.48:725][  0]LogConfig: Applying CVar settings from Section [/Script/Engine.RendererOverrideSettings] File [C:/Users/mmi/Documents/Unreal Projects/MMI_VR/Saved/Config/Windows/Engine.ini]
[2020.02.09-10.30.48:725][  0]LogConfig: Applying CVar settings from Section [/Script/Engine.StreamingSettings] File [C:/Users/mmi/Documents/Unreal Projects/MMI_VR/Saved/Config/Windows/Engine.ini]
[2020.02.09-10.30.48:725][  0]LogConfig: Setting CVar [[s.MinBulkDataSizeForAsyncLoading:131072]]
[2020.02.09-10.30.48:725][  0]LogConfig: Setting CVar [[s.AsyncLoadingThreadEnabled:0]]
[2020.02.09-10.30.48:725][  0]LogConfig: Setting CVar [[s.EventDrivenLoaderEnabled:1]]
[2020.02.09-10.30.48:725][  0]LogConfig: Setting CVar [[s.WarnIfTimeLimitExceeded:0]]
[2020.02.09-10.30.48:725][  0]LogConfig: Setting CVar [[s.TimeLimitExceededMultiplier:1.5]]
[2020.02.09-10.30.48:725][  0]LogConfig: Setting CVar [[s.TimeLimitExceededMinTime:0.005]]
[2020.02.09-10.30.48:725][  0]LogConfig: Setting CVar [[s.UseBackgroundLevelStreaming:1]]
[2020.02.09-10.30.48:725][  0]LogConfig: Setting CVar [[s.PriorityAsyncLoadingExtraTime:15.0]]
[2020.02.09-10.30.48:725][  0]LogConfig: Setting CVar [[s.LevelStreamingActorsUpdateTimeLimit:5.0]]
[2020.02.09-10.30.48:725][  0]LogConfig: Setting CVar [[s.PriorityLevelStreamingActorsUpdateExtraTime:5.0]]
[2020.02.09-10.30.48:725][  0]LogConfig: Setting CVar [[s.LevelStreamingComponentsRegistrationGranularity:10]]
[2020.02.09-10.30.48:725][  0]LogConfig: Setting CVar [[s.UnregisterComponentsTimeLimit:1.0]]
[2020.02.09-10.30.48:725][  0]LogConfig: Setting CVar [[s.LevelStreamingComponentsUnregistrationGranularity:5]]
[2020.02.09-10.30.48:725][  0]LogConfig: Applying CVar settings from Section [/Script/Engine.GarbageCollectionSettings] File [C:/Users/mmi/Documents/Unreal Projects/MMI_VR/Saved/Config/Windows/Engine.ini]
[2020.02.09-10.30.48:725][  0]LogConfig: Setting CVar [[gc.MaxObjectsNotConsideredByGC:1]]
[2020.02.09-10.30.48:725][  0]LogConfig: Setting CVar [[gc.SizeOfPermanentObjectPool:0]]
[2020.02.09-10.30.48:725][  0]LogConfig: Setting CVar [[gc.FlushStreamingOnGC:0]]
[2020.02.09-10.30.48:725][  0]LogConfig: Setting CVar [[gc.NumRetriesBeforeForcingGC:10]]
[2020.02.09-10.30.48:725][  0]LogConfig: Setting CVar [[gc.AllowParallelGC:1]]
[2020.02.09-10.30.48:725][  0]LogConfig: Setting CVar [[gc.TimeBetweenPurgingPendingKillObjects:61.1]]
[2020.02.09-10.30.48:725][  0]LogConfig: Setting CVar [[gc.MaxObjectsInEditor:16777216]]
[2020.02.09-10.30.48:725][  0]LogConfig: Setting CVar [[gc.IncrementalBeginDestroyEnabled:1]]
[2020.02.09-10.30.48:726][  0]LogConfig: Setting CVar [[gc.CreateGCClusters:1]]
[2020.02.09-10.30.48:726][  0]LogConfig: Setting CVar [[gc.MinGCClusterSize:5]]
[2020.02.09-10.30.48:726][  0]LogConfig: Setting CVar [[gc.ActorClusteringEnabled:0]]
[2020.02.09-10.30.48:726][  0]LogConfig: Setting CVar [[gc.BlueprintClusteringEnabled:0]]
[2020.02.09-10.30.48:726][  0]LogConfig: Setting CVar [[gc.UseDisregardForGCOnDedicatedServers:0]]
[2020.02.09-10.30.48:726][  0]LogConfig: Applying CVar settings from Section [/Script/Engine.NetworkSettings] File [C:/Users/mmi/Documents/Unreal Projects/MMI_VR/Saved/Config/Windows/Engine.ini]
[2020.02.09-10.30.48:726][  0]LogConfig: Applying CVar settings from Section [/Script/UnrealEd.CookerSettings] File [C:/Users/mmi/Documents/Unreal Projects/MMI_VR/Saved/Config/Windows/Engine.ini]
[2020.02.09-10.30.48:734][  0]LogConfig: Applying CVar settings from Section [ViewDistanceQuality@3] File [C:/Users/mmi/Documents/Unreal Projects/MMI_VR/Saved/Config/Windows/Scalability.ini]
[2020.02.09-10.30.48:734][  0]LogConfig: Setting CVar [[r.SkeletalMeshLODBias:0]]
[2020.02.09-10.30.48:734][  0]LogConfig: Setting CVar [[r.ViewDistanceScale:1.0]]
[2020.02.09-10.30.48:734][  0]LogConfig: Applying CVar settings from Section [AntiAliasingQuality@3] File [C:/Users/mmi/Documents/Unreal Projects/MMI_VR/Saved/Config/Windows/Scalability.ini]
[2020.02.09-10.30.48:734][  0]LogConfig: Setting CVar [[r.PostProcessAAQuality:3]]
[2020.02.09-10.30.48:734][  0]LogConfig: Applying CVar settings from Section [ShadowQuality@3] File [C:/Users/mmi/Documents/Unreal Projects/MMI_VR/Saved/Config/Windows/Scalability.ini]
[2020.02.09-10.30.48:734][  0]LogConfig: Setting CVar [[r.LightFunctionQuality:1]]
[2020.02.09-10.30.48:734][  0]LogConfig: Setting CVar [[r.ShadowQuality:5]]
[2020.02.09-10.30.48:734][  0]LogConfig: Setting CVar [[r.Shadow.CSM.MaxCascades:10]]
[2020.02.09-10.30.48:734][  0]LogConfig: Setting CVar [[r.Shadow.MaxResolution:2048]]
[2020.02.09-10.30.48:734][  0]LogConfig: Setting CVar [[r.Shadow.MaxCSMResolution:2048]]
[2020.02.09-10.30.48:734][  0]LogConfig: Setting CVar [[r.Shadow.RadiusThreshold:0.01]]
[2020.02.09-10.30.48:734][  0]LogConfig: Setting CVar [[r.Shadow.DistanceScale:1.0]]
[2020.02.09-10.30.48:734][  0]LogConfig: Setting CVar [[r.Shadow.CSM.TransitionScale:1.0]]
[2020.02.09-10.30.48:734][  0]LogConfig: Setting CVar [[r.Shadow.PreShadowResolutionFactor:1.0]]
[2020.02.09-10.30.48:734][  0]LogConfig: Setting CVar [[r.DistanceFieldShadowing:1]]
[2020.02.09-10.30.48:734][  0]LogConfig: Setting CVar [[r.DistanceFieldAO:1]]
[2020.02.09-10.30.48:734][  0]LogConfig: Setting CVar [[r.AOQuality:2]]
[2020.02.09-10.30.48:734][  0]LogConfig: Setting CVar [[r.VolumetricFog:1]]
[2020.02.09-10.30.48:734][  0]LogConfig: Setting CVar [[r.VolumetricFog.GridPixelSize:8]]
[2020.02.09-10.30.48:734][  0]LogConfig: Setting CVar [[r.VolumetricFog.GridSizeZ:128]]
[2020.02.09-10.30.48:734][  0]LogConfig: Setting CVar [[r.VolumetricFog.HistoryMissSupersampleCount:4]]
[2020.02.09-10.30.48:734][  0]LogConfig: Setting CVar [[r.LightMaxDrawDistanceScale:1]]
[2020.02.09-10.30.48:734][  0]LogConfig: Setting CVar [[r.CapsuleShadows:1]]
[2020.02.09-10.30.48:734][  0]LogConfig: Applying CVar settings from Section [PostProcessQuality@3] File [C:/Users/mmi/Documents/Unreal Projects/MMI_VR/Saved/Config/Windows/Scalability.ini]
[2020.02.09-10.30.48:734][  0]LogConfig: Setting CVar [[r.MotionBlurQuality:0]]
[2020.02.09-10.30.48:734][  0]LogConfig: Setting CVar [[r.AmbientOcclusionMipLevelFactor:0.4]]
[2020.02.09-10.30.48:734][  0]LogConfig: Setting CVar [[r.AmbientOcclusionMaxQuality:100]]
[2020.02.09-10.30.48:734][  0]LogConfig: Setting CVar [[r.AmbientOcclusionLevels:0]]
[2020.02.09-10.30.48:734][  0]LogConfig: Setting CVar [[r.AmbientOcclusionRadiusScale:1.0]]
[2020.02.09-10.30.48:734][  0]LogConfig: Setting CVar [[r.DepthOfFieldQuality:0]]
[2020.02.09-10.30.48:734][  0]LogConfig: Setting CVar [[r.RenderTargetPoolMin:400]]
[2020.02.09-10.30.48:734][  0]LogConfig: Setting CVar [[r.LensFlareQuality:0]]
[2020.02.09-10.30.48:734][  0]LogConfig: Setting CVar [[r.SceneColorFringeQuality:0]]
[2020.02.09-10.30.48:734][  0]LogConfig: Setting CVar [[r.EyeAdaptationQuality:2]]
[2020.02.09-10.30.48:734][  0]LogConfig: Setting CVar [[r.BloomQuality:1]]
[2020.02.09-10.30.48:734][  0]LogConfig: Setting CVar [[r.FastBlurThreshold:0]]
[2020.02.09-10.30.48:734][  0]LogConfig: Setting CVar [[r.Upscale.Quality:3]]
[2020.02.09-10.30.48:734][  0]LogConfig: Setting CVar [[r.Tonemapper.GrainQuantization:1]]
[2020.02.09-10.30.48:734][  0]LogConfig: Setting CVar [[r.LightShaftQuality:1]]
[2020.02.09-10.30.48:734][  0]LogConfig: Setting CVar [[r.Filter.SizeScale:1]]
[2020.02.09-10.30.48:734][  0]LogConfig: Setting CVar [[r.Tonemapper.Quality:5]]
[2020.02.09-10.30.48:734][  0]LogConfig: Setting CVar [[r.DOF.Gather.AccumulatorQuality:1        ; higher gathering accumulator quality]]
[2020.02.09-10.30.48:734][  0]LogConfig: Setting CVar [[r.DOF.Gather.PostfilterMethod:1          ; Median3x3 postfilering method]]
[2020.02.09-10.30.48:734][  0]LogConfig: Setting CVar [[r.DOF.Gather.EnableBokehSettings:0       ; no bokeh simulation when gathering]]
[2020.02.09-10.30.48:734][  0]LogConfig: Setting CVar [[r.DOF.Gather.RingCount:4                 ; medium number of samples when gathering]]
[2020.02.09-10.30.48:734][  0]LogConfig: Setting CVar [[r.DOF.Scatter.ForegroundCompositing:1    ; additive foreground scattering]]
[2020.02.09-10.30.48:734][  0]LogConfig: Setting CVar [[r.DOF.Scatter.BackgroundCompositing:2    ; additive background scattering]]
[2020.02.09-10.30.48:735][  0]LogConfig: Setting CVar [[r.DOF.Scatter.EnableBokehSettings:1      ; bokeh simulation when scattering]]
[2020.02.09-10.30.48:735][  0]LogConfig: Setting CVar [[r.DOF.Scatter.MaxSpriteRatio:0.1         ; only a maximum of 10% of scattered bokeh]]
[2020.02.09-10.30.48:735][  0]LogConfig: Setting CVar [[r.DOF.Recombine.Quality:1                ; cheap slight out of focus]]
[2020.02.09-10.30.48:735][  0]LogConfig: Setting CVar [[r.DOF.Recombine.EnableBokehSettings:0    ; no bokeh simulation on slight out of focus]]
[2020.02.09-10.30.48:735][  0]LogConfig: Setting CVar [[r.DOF.TemporalAAQuality:1                ; more stable temporal accumulation]]
[2020.02.09-10.30.48:735][  0]LogConfig: Setting CVar [[r.DOF.Kernel.MaxForegroundRadius:0.025]]
[2020.02.09-10.30.48:735][  0]LogConfig: Setting CVar [[r.DOF.Kernel.MaxBackgroundRadius:0.025]]
[2020.02.09-10.30.48:735][  0]LogConfig: Applying CVar settings from Section [TextureQuality@3] File [C:/Users/mmi/Documents/Unreal Projects/MMI_VR/Saved/Config/Windows/Scalability.ini]
[2020.02.09-10.30.48:735][  0]LogConfig: Setting CVar [[r.Streaming.MipBias:0]]
[2020.02.09-10.30.48:735][  0]LogConfig: Setting CVar [[r.Streaming.AmortizeCPUToGPUCopy:0]]
[2020.02.09-10.30.48:735][  0]LogConfig: Setting CVar [[r.Streaming.MaxNumTexturesToStreamPerFrame:0]]
[2020.02.09-10.30.48:735][  0]LogConfig: Setting CVar [[r.Streaming.Boost:1]]
[2020.02.09-10.30.48:735][  0]LogConfig: Setting CVar [[r.MaxAnisotropy:8]]
[2020.02.09-10.30.48:735][  0]LogConfig: Setting CVar [[r.Streaming.LimitPoolSizeToVRAM:0]]
[2020.02.09-10.30.48:735][  0]LogConfig: Setting CVar [[r.Streaming.PoolSize:1000]]
[2020.02.09-10.30.48:735][  0]LogConfig: Setting CVar [[r.Streaming.MaxEffectiveScreenSize:0]]
[2020.02.09-10.30.48:735][  0]LogConfig: Applying CVar settings from Section [EffectsQuality@3] File [C:/Users/mmi/Documents/Unreal Projects/MMI_VR/Saved/Config/Windows/Scalability.ini]
[2020.02.09-10.30.48:735][  0]LogConfig: Setting CVar [[r.TranslucencyLightingVolumeDim:4]]
[2020.02.09-10.30.48:735][  0]LogConfig: Setting CVar [[r.RefractionQuality:2]]
[2020.02.09-10.30.48:735][  0]LogConfig: Setting CVar [[r.SSR.Quality:0]]
[2020.02.09-10.30.48:735][  0]LogConfig: Setting CVar [[r.SceneColorFormat:2]]
[2020.02.09-10.30.48:735][  0]LogConfig: Setting CVar [[r.DetailMode:2]]
[2020.02.09-10.30.48:735][  0]LogConfig: Setting CVar [[r.TranslucencyVolumeBlur:0]]
[2020.02.09-10.30.48:735][  0]LogConfig: Setting CVar [[r.MaterialQualityLevel:1 ; High quality]]
[2020.02.09-10.30.48:735][  0]LogConfig: Setting CVar [[r.SSS.Scale:1]]
[2020.02.09-10.30.48:735][  0]LogConfig: Setting CVar [[r.SSS.SampleSet:2]]
[2020.02.09-10.30.48:735][  0]LogConfig: Setting CVar [[r.SSS.Quality:1]]
[2020.02.09-10.30.48:735][  0]LogConfig: Setting CVar [[r.SSS.HalfRes:1]]
[2020.02.09-10.30.48:735][  0]LogConfig: Setting CVar [[r.EmitterSpawnRateScale:1.0]]
[2020.02.09-10.30.48:735][  0]LogConfig: Setting CVar [[r.ParticleLightQuality:2]]
[2020.02.09-10.30.48:735][  0]LogConfig: Applying CVar settings from Section [FoliageQuality@3] File [C:/Users/mmi/Documents/Unreal Projects/MMI_VR/Saved/Config/Windows/Scalability.ini]
[2020.02.09-10.30.48:735][  0]LogConfig: Setting CVar [[foliage.DensityScale:1.0]]
[2020.02.09-10.30.48:735][  0]LogConfig: Setting CVar [[grass.DensityScale:1.0]]
[2020.02.09-10.30.48:736][  0]LogInit: Selected Device Profile: [Windows]
[2020.02.09-10.30.48:736][  0]LogInit: Applying CVar settings loaded from the selected device profile: [Windows]
[2020.02.09-10.30.48:745][  0]LogHAL: Display: Platform has ~ 32 GB [34201845760 / 34359738368 / 32], which maps to Largest [LargestMinGB=32, LargerMinGB=12, DefaultMinGB=8, SmallerMinGB=6, SmallestMinGB=0)
[2020.02.09-10.30.48:745][  0]LogInit: Going up to parent DeviceProfile []
[2020.02.09-10.30.48:745][  0]LogConfig: Applying CVar settings from Section [ViewDistanceQuality@3] File [C:/Users/mmi/Documents/Unreal Projects/MMI_VR/Saved/Config/Windows/Scalability.ini]
[2020.02.09-10.30.48:745][  0]LogConfig: Setting CVar [[r.SkeletalMeshLODBias:0]]
[2020.02.09-10.30.48:745][  0]LogConfig: Setting CVar [[r.ViewDistanceScale:1.0]]
[2020.02.09-10.30.48:745][  0]LogConfig: Applying CVar settings from Section [AntiAliasingQuality@3] File [C:/Users/mmi/Documents/Unreal Projects/MMI_VR/Saved/Config/Windows/Scalability.ini]
[2020.02.09-10.30.48:745][  0]LogConfig: Setting CVar [[r.PostProcessAAQuality:3]]
[2020.02.09-10.30.48:745][  0]LogConfig: Applying CVar settings from Section [ShadowQuality@3] File [C:/Users/mmi/Documents/Unreal Projects/MMI_VR/Saved/Config/Windows/Scalability.ini]
[2020.02.09-10.30.48:745][  0]LogConfig: Setting CVar [[r.LightFunctionQuality:1]]
[2020.02.09-10.30.48:745][  0]LogConfig: Setting CVar [[r.ShadowQuality:5]]
[2020.02.09-10.30.48:745][  0]LogConfig: Setting CVar [[r.Shadow.CSM.MaxCascades:10]]
[2020.02.09-10.30.48:745][  0]LogConfig: Setting CVar [[r.Shadow.MaxResolution:2048]]
[2020.02.09-10.30.48:745][  0]LogConfig: Setting CVar [[r.Shadow.MaxCSMResolution:2048]]
[2020.02.09-10.30.48:745][  0]LogConfig: Setting CVar [[r.Shadow.RadiusThreshold:0.01]]
[2020.02.09-10.30.48:745][  0]LogConfig: Setting CVar [[r.Shadow.DistanceScale:1.0]]
[2020.02.09-10.30.48:745][  0]LogConfig: Setting CVar [[r.Shadow.CSM.TransitionScale:1.0]]
[2020.02.09-10.30.48:745][  0]LogConfig: Setting CVar [[r.Shadow.PreShadowResolutionFactor:1.0]]
[2020.02.09-10.30.48:745][  0]LogConfig: Setting CVar [[r.DistanceFieldShadowing:1]]
[2020.02.09-10.30.48:745][  0]LogConfig: Setting CVar [[r.DistanceFieldAO:1]]
[2020.02.09-10.30.48:745][  0]LogConfig: Setting CVar [[r.AOQuality:2]]
[2020.02.09-10.30.48:745][  0]LogConfig: Setting CVar [[r.VolumetricFog:1]]
[2020.02.09-10.30.48:745][  0]LogConfig: Setting CVar [[r.VolumetricFog.GridPixelSize:8]]
[2020.02.09-10.30.48:745][  0]LogConfig: Setting CVar [[r.VolumetricFog.GridSizeZ:128]]
[2020.02.09-10.30.48:745][  0]LogConfig: Setting CVar [[r.VolumetricFog.HistoryMissSupersampleCount:4]]
[2020.02.09-10.30.48:745][  0]LogConfig: Setting CVar [[r.LightMaxDrawDistanceScale:1]]
[2020.02.09-10.30.48:745][  0]LogConfig: Setting CVar [[r.CapsuleShadows:1]]
[2020.02.09-10.30.48:745][  0]LogConfig: Applying CVar settings from Section [PostProcessQuality@3] File [C:/Users/mmi/Documents/Unreal Projects/MMI_VR/Saved/Config/Windows/Scalability.ini]
[2020.02.09-10.30.48:745][  0]LogConfig: Setting CVar [[r.MotionBlurQuality:0]]
[2020.02.09-10.30.48:745][  0]LogConfig: Setting CVar [[r.AmbientOcclusionMipLevelFactor:0.4]]
[2020.02.09-10.30.48:745][  0]LogConfig: Setting CVar [[r.AmbientOcclusionMaxQuality:100]]
[2020.02.09-10.30.48:745][  0]LogConfig: Setting CVar [[r.AmbientOcclusionLevels:0]]
[2020.02.09-10.30.48:745][  0]LogConfig: Setting CVar [[r.AmbientOcclusionRadiusScale:1.0]]
[2020.02.09-10.30.48:745][  0]LogConfig: Setting CVar [[r.DepthOfFieldQuality:0]]
[2020.02.09-10.30.48:745][  0]LogConfig: Setting CVar [[r.RenderTargetPoolMin:400]]
[2020.02.09-10.30.48:746][  0]LogConfig: Setting CVar [[r.LensFlareQuality:0]]
[2020.02.09-10.30.48:746][  0]LogConfig: Setting CVar [[r.SceneColorFringeQuality:0]]
[2020.02.09-10.30.48:746][  0]LogConfig: Setting CVar [[r.EyeAdaptationQuality:2]]
[2020.02.09-10.30.48:746][  0]LogConfig: Setting CVar [[r.BloomQuality:1]]
[2020.02.09-10.30.48:746][  0]LogConfig: Setting CVar [[r.FastBlurThreshold:0]]
[2020.02.09-10.30.48:746][  0]LogConfig: Setting CVar [[r.Upscale.Quality:3]]
[2020.02.09-10.30.48:746][  0]LogConfig: Setting CVar [[r.Tonemapper.GrainQuantization:1]]
[2020.02.09-10.30.48:746][  0]LogConfig: Setting CVar [[r.LightShaftQuality:1]]
[2020.02.09-10.30.48:746][  0]LogConfig: Setting CVar [[r.Filter.SizeScale:1]]
[2020.02.09-10.30.48:746][  0]LogConfig: Setting CVar [[r.Tonemapper.Quality:5]]
[2020.02.09-10.30.48:746][  0]LogConfig: Setting CVar [[r.DOF.Gather.AccumulatorQuality:1        ; higher gathering accumulator quality]]
[2020.02.09-10.30.48:746][  0]LogConfig: Setting CVar [[r.DOF.Gather.PostfilterMethod:1          ; Median3x3 postfilering method]]
[2020.02.09-10.30.48:746][  0]LogConfig: Setting CVar [[r.DOF.Gather.EnableBokehSettings:0       ; no bokeh simulation when gathering]]
[2020.02.09-10.30.48:746][  0]LogConfig: Setting CVar [[r.DOF.Gather.RingCount:4                 ; medium number of samples when gathering]]
[2020.02.09-10.30.48:746][  0]LogConfig: Setting CVar [[r.DOF.Scatter.ForegroundCompositing:1    ; additive foreground scattering]]
[2020.02.09-10.30.48:746][  0]LogConfig: Setting CVar [[r.DOF.Scatter.BackgroundCompositing:2    ; additive background scattering]]
[2020.02.09-10.30.48:746][  0]LogConfig: Setting CVar [[r.DOF.Scatter.EnableBokehSettings:1      ; bokeh simulation when scattering]]
[2020.02.09-10.30.48:746][  0]LogConfig: Setting CVar [[r.DOF.Scatter.MaxSpriteRatio:0.1         ; only a maximum of 10% of scattered bokeh]]
[2020.02.09-10.30.48:746][  0]LogConfig: Setting CVar [[r.DOF.Recombine.Quality:1                ; cheap slight out of focus]]
[2020.02.09-10.30.48:746][  0]LogConfig: Setting CVar [[r.DOF.Recombine.EnableBokehSettings:0    ; no bokeh simulation on slight out of focus]]
[2020.02.09-10.30.48:746][  0]LogConfig: Setting CVar [[r.DOF.TemporalAAQuality:1                ; more stable temporal accumulation]]
[2020.02.09-10.30.48:746][  0]LogConfig: Setting CVar [[r.DOF.Kernel.MaxForegroundRadius:0.025]]
[2020.02.09-10.30.48:746][  0]LogConfig: Setting CVar [[r.DOF.Kernel.MaxBackgroundRadius:0.025]]
[2020.02.09-10.30.48:746][  0]LogConfig: Applying CVar settings from Section [TextureQuality@3] File [C:/Users/mmi/Documents/Unreal Projects/MMI_VR/Saved/Config/Windows/Scalability.ini]
[2020.02.09-10.30.48:746][  0]LogConfig: Setting CVar [[r.Streaming.MipBias:0]]
[2020.02.09-10.30.48:746][  0]LogConfig: Setting CVar [[r.Streaming.AmortizeCPUToGPUCopy:0]]
[2020.02.09-10.30.48:746][  0]LogConfig: Setting CVar [[r.Streaming.MaxNumTexturesToStreamPerFrame:0]]
[2020.02.09-10.30.48:746][  0]LogConfig: Setting CVar [[r.Streaming.Boost:1]]
[2020.02.09-10.30.48:746][  0]LogConfig: Setting CVar [[r.MaxAnisotropy:8]]
[2020.02.09-10.30.48:746][  0]LogConfig: Setting CVar [[r.Streaming.LimitPoolSizeToVRAM:0]]
[2020.02.09-10.30.48:746][  0]LogConfig: Setting CVar [[r.Streaming.PoolSize:1000]]
[2020.02.09-10.30.48:746][  0]LogConfig: Setting CVar [[r.Streaming.MaxEffectiveScreenSize:0]]
[2020.02.09-10.30.48:746][  0]LogConfig: Applying CVar settings from Section [EffectsQuality@3] File [C:/Users/mmi/Documents/Unreal Projects/MMI_VR/Saved/Config/Windows/Scalability.ini]
[2020.02.09-10.30.48:746][  0]LogConfig: Setting CVar [[r.TranslucencyLightingVolumeDim:4]]
[2020.02.09-10.30.48:746][  0]LogConfig: Setting CVar [[r.RefractionQuality:2]]
[2020.02.09-10.30.48:746][  0]LogConfig: Setting CVar [[r.SSR.Quality:0]]
[2020.02.09-10.30.48:746][  0]LogConfig: Setting CVar [[r.SceneColorFormat:2]]
[2020.02.09-10.30.48:746][  0]LogConfig: Setting CVar [[r.DetailMode:2]]
[2020.02.09-10.30.48:746][  0]LogConfig: Setting CVar [[r.TranslucencyVolumeBlur:0]]
[2020.02.09-10.30.48:746][  0]LogConfig: Setting CVar [[r.MaterialQualityLevel:1 ; High quality]]
[2020.02.09-10.30.48:746][  0]LogConfig: Setting CVar [[r.SSS.Scale:1]]
[2020.02.09-10.30.48:746][  0]LogConfig: Setting CVar [[r.SSS.SampleSet:2]]
[2020.02.09-10.30.48:746][  0]LogConfig: Setting CVar [[r.SSS.Quality:1]]
[2020.02.09-10.30.48:746][  0]LogConfig: Setting CVar [[r.SSS.HalfRes:1]]
[2020.02.09-10.30.48:746][  0]LogConfig: Setting CVar [[r.EmitterSpawnRateScale:1.0]]
[2020.02.09-10.30.48:746][  0]LogConfig: Setting CVar [[r.ParticleLightQuality:2]]
[2020.02.09-10.30.48:746][  0]LogConfig: Applying CVar settings from Section [FoliageQuality@3] File [C:/Users/mmi/Documents/Unreal Projects/MMI_VR/Saved/Config/Windows/Scalability.ini]
[2020.02.09-10.30.48:746][  0]LogConfig: Setting CVar [[foliage.DensityScale:1.0]]
[2020.02.09-10.30.48:746][  0]LogConfig: Setting CVar [[grass.DensityScale:1.0]]
[2020.02.09-10.30.48:746][  0]LogConfig: Applying CVar settings from Section [Startup] File [../../../Engine/Config/ConsoleVariables.ini]
[2020.02.09-10.30.48:751][  0]LogConfig: Setting CVar [[net.UseAdaptiveNetUpdateFrequency:0]]
[2020.02.09-10.30.48:751][  0]LogConfig: Setting CVar [[p.chaos.AllowCreatePhysxBodies:1]]
[2020.02.09-10.30.48:751][  0]LogConfig: Applying CVar settings from Section [ConsoleVariables] File [C:/Users/mmi/Documents/Unreal Projects/MMI_VR/Saved/Config/Windows/Engine.ini]
[2020.02.09-10.30.48:751][  0]LogInit: Computer: MMI-PORT2
[2020.02.09-10.30.48:751][  0]LogInit: User: mmi
[2020.02.09-10.30.48:751][  0]LogInit: CPU Page size=4096, Cores=4
[2020.02.09-10.30.48:751][  0]LogInit: High frequency timer resolution =10.000000 MHz
[2020.02.09-10.30.48:752][  0]LogMemory: Memory total: Physical=31.9GB (32GB approx)
[2020.02.09-10.30.48:752][  0]LogMemory: Platform Memory Stats for Windows
[2020.02.09-10.30.48:752][  0]LogMemory: Process Physical Memory: 104.04 MB used, 104.04 MB peak
[2020.02.09-10.30.48:752][  0]LogMemory: Process Virtual Memory: 88.55 MB used, 88.55 MB peak
[2020.02.09-10.30.48:752][  0]LogMemory: Physical Memory: 4925.71 MB used,  27691.71 MB free, 32617.42 MB total
[2020.02.09-10.30.48:752][  0]LogMemory: Virtual Memory: 4656.99 MB used,  134213072.00 MB free, 134217728.00 MB total
[2020.02.09-10.30.48:758][  0]LogWindows: WindowsPlatformFeatures enabled
[2020.02.09-10.30.48:974][  0]LogInit: Using OS detected language (fr-FR).
[2020.02.09-10.30.48:974][  0]LogInit: Using OS detected locale (fr-FR).
[2020.02.09-10.30.48:974][  0]LogTextLocalizationManager: No specific localization for 'fr-FR' exists, so the 'fr' localization will be used.
[2020.02.09-10.30.48:975][  0]LogTextLocalizationResource: LocRes '../../../Engine/Content/Localization/Editor/fr/Editor.locres' could not be opened for reading!
[2020.02.09-10.30.48:975][  0]LogTextLocalizationResource: LocRes '../../../Engine/Content/Localization/EditorTutorials/fr/EditorTutorials.locres' could not be opened for reading!
[2020.02.09-10.30.48:975][  0]LogTextLocalizationResource: LocRes '../../../Engine/Content/Localization/Keywords/fr/Keywords.locres' could not be opened for reading!
[2020.02.09-10.30.48:975][  0]LogTextLocalizationResource: LocRes '../../../Engine/Content/Localization/Category/fr/Category.locres' could not be opened for reading!
[2020.02.09-10.30.48:975][  0]LogTextLocalizationResource: LocRes '../../../Engine/Content/Localization/ToolTips/fr/ToolTips.locres' could not be opened for reading!
[2020.02.09-10.30.48:975][  0]LogTextLocalizationResource: LocRes '../../../Engine/Content/Localization/PropertyNames/fr/PropertyNames.locres' could not be opened for reading!
[2020.02.09-10.30.48:976][  0]LogTextLocalizationResource: LocRes '../../../Engine/Content/Localization/Engine/fr/Engine.locres' could not be opened for reading!
[2020.02.09-10.30.49:000][  0]LogInit: Setting process to per monitor DPI aware
[2020.02.09-10.30.49:068][  0]LogSlate: New Slate User Created.  User Index 0, Is Virtual User: 0
[2020.02.09-10.30.49:068][  0]LogSlate: Slate User Registered.  User Index 0, Is Virtual User: 0
[2020.02.09-10.30.51:096][  0]LogHMD: Failed to initialize OpenVR with code 126
[2020.02.09-10.30.51:096][  0]LogD3D11RHI: D3D11 adapters:
[2020.02.09-10.30.51:216][  0]LogD3D11RHI:    0. 'NVIDIA Quadro P4000' (Feature Level 11_0)
[2020.02.09-10.30.51:216][  0]LogD3D11RHI:       8089/0/16308 MB DedicatedVideo/DedicatedSystem/SharedSystem, Outputs:1, VendorId:0x10de
[2020.02.09-10.30.51:231][  0]LogD3D11RHI:    1. 'Intel(R) HD Graphics P630' (Feature Level 11_0)
[2020.02.09-10.30.51:231][  0]LogD3D11RHI:       128/0/16308 MB DedicatedVideo/DedicatedSystem/SharedSystem, Outputs:0, VendorId:0x8086
[2020.02.09-10.30.51:235][  0]LogD3D11RHI:    2. 'Microsoft Basic Render Driver' (Feature Level 11_0)
[2020.02.09-10.30.51:235][  0]LogD3D11RHI:       0/0/16308 MB DedicatedVideo/DedicatedSystem/SharedSystem, Outputs:0, VendorId:0x1414
[2020.02.09-10.30.51:235][  0]LogD3D11RHI: Chosen D3D11 Adapter: 0
[2020.02.09-10.30.51:267][  0]LogD3D11RHI: Creating new Direct3DDevice
[2020.02.09-10.30.51:268][  0]LogD3D11RHI:     GPU DeviceId: 0x1bb7 (for the marketing name, search the web for "GPU Device Id")
[2020.02.09-10.30.51:268][  0]LogWindows: EnumDisplayDevices:
[2020.02.09-10.30.51:268][  0]LogWindows:    0. 'Intel(R) HD Graphics P630' (P:1 D:1)
[2020.02.09-10.30.51:268][  0]LogWindows:    1. 'Intel(R) HD Graphics P630' (P:0 D:0)
[2020.02.09-10.30.51:269][  0]LogWindows:    2. 'Intel(R) HD Graphics P630' (P:0 D:0)
[2020.02.09-10.30.51:269][  0]LogWindows:    3. 'NVIDIA Quadro P4000' (P:0 D:0)
[2020.02.09-10.30.51:269][  0]LogWindows:    4. 'NVIDIA Quadro P4000' (P:0 D:0)
[2020.02.09-10.30.51:269][  0]LogWindows:    5. 'NVIDIA Quadro P4000' (P:0 D:0)
[2020.02.09-10.30.51:270][  0]LogWindows:    6. 'NVIDIA Quadro P4000' (P:0 D:0)
[2020.02.09-10.30.51:270][  0]LogWindows: DebugString: PrimaryIsNotTheChoosenAdapter PrimaryIsNotTheChoosenAdapter PrimaryIsNotTheChoosenAdapter FoundDriverCount:4 
[2020.02.09-10.30.51:270][  0]LogD3D11RHI:     Adapter Name: NVIDIA Quadro P4000
[2020.02.09-10.30.51:270][  0]LogD3D11RHI:   Driver Version: 440.97 (internal:26.21.14.4097, unified:440.97)
[2020.02.09-10.30.51:270][  0]LogD3D11RHI:      Driver Date: 10-16-2019
[2020.02.09-10.30.51:270][  0]LogRHI: Texture pool is 5662 MB (70% of 8089 MB)
[2020.02.09-10.30.51:324][  0]LogD3D11RHI: Async texture creation enabled
[2020.02.09-10.30.51:344][  0]LogD3D11RHI: GPU Timing Frequency: 1000.000000 (Debug: 2 1)
[2020.02.09-10.30.51:667][  0]LogTemp: Display: Module 'AllDesktopTargetPlatform' loaded TargetPlatform 'AllDesktop'
[2020.02.09-10.30.51:676][  0]LogTemp: Display: Module 'MacClientTargetPlatform' loaded TargetPlatform 'MacClient'
[2020.02.09-10.30.51:686][  0]LogTemp: Display: Module 'MacNoEditorTargetPlatform' loaded TargetPlatform 'MacNoEditor'
[2020.02.09-10.30.51:695][  0]LogTemp: Display: Module 'MacServerTargetPlatform' loaded TargetPlatform 'MacServer'
[2020.02.09-10.30.51:716][  0]LogTemp: Display: Module 'MacTargetPlatform' loaded TargetPlatform 'Mac'
[2020.02.09-10.30.51:732][  0]LogTemp: Display: Module 'WindowsClientTargetPlatform' loaded TargetPlatform 'WindowsClient'
[2020.02.09-10.30.51:743][  0]LogTemp: Display: Module 'WindowsNoEditorTargetPlatform' loaded TargetPlatform 'WindowsNoEditor'
[2020.02.09-10.30.51:753][  0]LogTemp: Display: Module 'WindowsServerTargetPlatform' loaded TargetPlatform 'WindowsServer'
[2020.02.09-10.30.51:759][  0]LogTemp: Display: Module 'WindowsTargetPlatform' loaded TargetPlatform 'Windows'
[2020.02.09-10.30.51:805][  0]LogTemp: Display: Module 'AndroidTargetPlatform' loaded TargetPlatform 'Android'
[2020.02.09-10.30.51:805][  0]LogTemp: Display: Module 'AndroidTargetPlatform' loaded TargetPlatform 'Android_ASTC'
[2020.02.09-10.30.51:805][  0]LogTemp: Display: Module 'AndroidTargetPlatform' loaded TargetPlatform 'Android_ATC'
[2020.02.09-10.30.51:805][  0]LogTemp: Display: Module 'AndroidTargetPlatform' loaded TargetPlatform 'Android_DXT'
[2020.02.09-10.30.51:805][  0]LogTemp: Display: Module 'AndroidTargetPlatform' loaded TargetPlatform 'Android_ETC1'
[2020.02.09-10.30.51:805][  0]LogTemp: Display: Module 'AndroidTargetPlatform' loaded TargetPlatform 'Android_ETC1a'
[2020.02.09-10.30.51:805][  0]LogTemp: Display: Module 'AndroidTargetPlatform' loaded TargetPlatform 'Android_ETC2'
[2020.02.09-10.30.51:805][  0]LogTemp: Display: Module 'AndroidTargetPlatform' loaded TargetPlatform 'Android_PVRTC'
[2020.02.09-10.30.51:805][  0]LogTemp: Display: Module 'AndroidTargetPlatform' loaded TargetPlatform 'AndroidClient'
[2020.02.09-10.30.51:805][  0]LogTemp: Display: Module 'AndroidTargetPlatform' loaded TargetPlatform 'Android_ASTCClient'
[2020.02.09-10.30.51:805][  0]LogTemp: Display: Module 'AndroidTargetPlatform' loaded TargetPlatform 'Android_ATCClient'
[2020.02.09-10.30.51:805][  0]LogTemp: Display: Module 'AndroidTargetPlatform' loaded TargetPlatform 'Android_DXTClient'
[2020.02.09-10.30.51:805][  0]LogTemp: Display: Module 'AndroidTargetPlatform' loaded TargetPlatform 'Android_ETC1Client'
[2020.02.09-10.30.51:805][  0]LogTemp: Display: Module 'AndroidTargetPlatform' loaded TargetPlatform 'Android_ETC1aClient'
[2020.02.09-10.30.51:805][  0]LogTemp: Display: Module 'AndroidTargetPlatform' loaded TargetPlatform 'Android_ETC2Client'
[2020.02.09-10.30.51:805][  0]LogTemp: Display: Module 'AndroidTargetPlatform' loaded TargetPlatform 'Android_PVRTCClient'
[2020.02.09-10.30.51:805][  0]LogTemp: Display: Module 'AndroidTargetPlatform' loaded TargetPlatform 'Android_Multi'
[2020.02.09-10.30.51:805][  0]LogTemp: Display: Module 'AndroidTargetPlatform' loaded TargetPlatform 'Android_MultiClient'
[2020.02.09-10.30.51:808][  0]LogTemp: Display: Module 'HTML5TargetPlatform' loaded TargetPlatform 'HTML5'
[2020.02.09-10.30.51:840][  0]LogTemp: Display: Module 'IOSTargetPlatform' loaded TargetPlatform 'IOSClient'
[2020.02.09-10.30.51:840][  0]LogTemp: Display: Module 'IOSTargetPlatform' loaded TargetPlatform 'IOS'
[2020.02.09-10.30.51:855][  0]LogTemp: Display: Module 'TVOSTargetPlatform' loaded TargetPlatform 'TVOSClient'
[2020.02.09-10.30.51:855][  0]LogTemp: Display: Module 'TVOSTargetPlatform' loaded TargetPlatform 'TVOS'
[2020.02.09-10.30.51:863][  0]LogTemp: Display: Module 'LinuxClientTargetPlatform' loaded TargetPlatform 'LinuxClient'
[2020.02.09-10.30.51:872][  0]LogTemp: Display: Module 'LinuxNoEditorTargetPlatform' loaded TargetPlatform 'LinuxNoEditor'
[2020.02.09-10.30.51:880][  0]LogTemp: Display: Module 'LinuxServerTargetPlatform' loaded TargetPlatform 'LinuxServer'
[2020.02.09-10.30.51:899][  0]LogTemp: Display: Module 'LinuxTargetPlatform' loaded TargetPlatform 'Linux'
[2020.02.09-10.30.51:929][  0]LogTemp: Display: Module 'LuminTargetPlatform' loaded TargetPlatform 'Lumin'
[2020.02.09-10.30.51:929][  0]LogTemp: Display: Module 'LuminTargetPlatform' loaded TargetPlatform 'LuminClient'
[2020.02.09-10.30.51:929][  0]LogTargetPlatformManager: Display: Building Assets For Windows
[2020.02.09-10.30.51:981][  0]LogAudioDebug: Display: Lib vorbis DLL was dynamically loaded.
[2020.02.09-10.30.52:100][  0]LogShaderCompilers: Guid format shader working directory is -16 characters bigger than the processId version (../../../../../../Users/mmi/Documents/Unreal Projects/MMI_VR/Intermediate/Shaders/WorkingDirectory/1988/).
[2020.02.09-10.30.52:100][  0]LogShaderCompilers: Cleaned the shader compiler working directory 'C:/Users/mmi/AppData/Local/Temp/UnrealShaderWorkingDir/EDE83F5642AD17AA982A92A688E8A4A6/'.
[2020.02.09-10.30.52:102][  0]LogXGEController: Cleaning working directory: C:/Users/mmi/AppData/Local/Temp/UnrealXGEWorkingDir/
[2020.02.09-10.30.52:103][  0]LogXGEController: Cannot use XGE Controller as Incredibuild is not installed on this machine.
[2020.02.09-10.30.52:103][  0]LogShaderCompilers: Cannot use XGE Shader Compiler as Incredibuild is not installed on this machine.
[2020.02.09-10.30.52:103][  0]LogShaderCompilers: Display: Using Local Shader Compiler.
[2020.02.09-10.30.54:557][  0]LogDerivedDataCache: Display: Max Cache Size: 512 MB
[2020.02.09-10.30.54:693][  0]LogDerivedDataCache: Loaded boot cache 0.14s 73MB C:/Users/mmi/AppData/Local/UnrealEngine/4.23/DerivedDataCache/Boot.ddc.
[2020.02.09-10.30.54:693][  0]LogDerivedDataCache: Display: Loaded Boot cache: C:/Users/mmi/AppData/Local/UnrealEngine/4.23/DerivedDataCache/Boot.ddc
[2020.02.09-10.30.54:693][  0]LogDerivedDataCache: FDerivedDataBackendGraph:  Pak pak cache file ../../../../../../Users/mmi/Documents/Unreal Projects/MMI_VR/DerivedDataCache/DDC.ddp not found, will not use a pak cache.
[2020.02.09-10.30.54:693][  0]LogDerivedDataCache: Unable to find inner node Pak for hierarchical cache Hierarchy.
[2020.02.09-10.30.54:693][  0]LogDerivedDataCache: FDerivedDataBackendGraph:  CompressedPak pak cache file ../../../../../../Users/mmi/Documents/Unreal Projects/MMI_VR/DerivedDataCache/Compressed.ddp not found, will not use a pak cache.
[2020.02.09-10.30.54:693][  0]LogDerivedDataCache: Unable to find inner node CompressedPak for hierarchical cache Hierarchy.
[2020.02.09-10.30.54:713][  0]LogDerivedDataCache: Display: Pak cache opened for reading ../../../Engine/DerivedDataCache/Compressed.ddp.
[2020.02.09-10.30.54:713][  0]LogDerivedDataCache: FDerivedDataBackendGraph:  EnterprisePak pak cache file ../../../Enterprise/DerivedDataCache/Compressed.ddp not found, will not use a pak cache.
[2020.02.09-10.30.54:713][  0]LogDerivedDataCache: Unable to find inner node EnterprisePak for hierarchical cache Hierarchy.
[2020.02.09-10.30.54:715][  0]LogDerivedDataCache: Using Local data cache path C:/Users/mmi/AppData/Local/UnrealEngine/Common/DerivedDataCache: Writable
[2020.02.09-10.30.54:715][  0]LogDerivedDataCache: Shared data cache path not found in *engine.ini, will not use an Shared cache.
[2020.02.09-10.30.54:715][  0]LogDerivedDataCache: Unable to find inner node Shared for hierarchical cache Hierarchy.
[2020.02.09-10.30.54:947][  0]LogMaterial: Verifying Global Shaders for PCD3D_SM5
[2020.02.09-10.30.54:953][  0]LogSlate: Using FreeType 2.6.0
[2020.02.09-10.30.54:965][  0]LogSlate: SlateFontServices - WITH_FREETYPE: 1, WITH_HARFBUZZ: 1
[2020.02.09-10.30.55:206][  0]LogAssetRegistry: FAssetRegistry took 0.0052 seconds to start up
[2020.02.09-10.30.55:602][  0]LogInit: Selected Device Profile: [Windows]
[2020.02.09-10.30.56:021][  0]LogMeshReduction: Using QuadricMeshReduction for automatic static mesh reduction
[2020.02.09-10.30.56:021][  0]LogMeshReduction: Using SimplygonMeshReduction for automatic skeletal mesh reduction
[2020.02.09-10.30.56:021][  0]LogMeshReduction: Using ProxyLODMeshReduction for automatic mesh merging
[2020.02.09-10.30.56:021][  0]LogMeshReduction: No distributed automatic mesh merging module available
[2020.02.09-10.30.56:022][  0]LogMeshMerging: No distributed automatic mesh merging module available
[2020.02.09-10.30.56:068][  0]LogNetVersion: MMI_VR 1.0.0, NetCL: 8386587, EngineNetVer: 11, GameNetVer: 0 (Checksum: 2145143680)
[2020.02.09-10.30.57:235][  0]LogPackageLocalizationCache: Processed 13 localized package path(s) for 1 prioritized culture(s) in 0.053948 seconds
[2020.02.09-10.30.57:241][  0]LogUObjectArray: 43444 objects as part of root set at end of initial load.
[2020.02.09-10.30.57:241][  0]LogUObjectAllocator: 7548648 out of 0 bytes used by permanent object pool.
[2020.02.09-10.30.57:241][  0]LogUObjectArray: CloseDisregardForGC: 0/0 objects in disregard for GC pool
[2020.02.09-10.31.00:284][  0]LogTcpMessaging: Initializing TcpMessaging bridge
[2020.02.09-10.31.00:290][  0]LogUdpMessaging: Initializing bridge on interface 0.0.0.0:0 to multicast group 230.0.0.1:6666.
[2020.02.09-10.31.00:511][  0]SourceControl: Source control is disabled
[2020.02.09-10.31.01:732][  0]LogAndroidPermission: UAndroidPermissionCallbackProxy::GetInstance
[2020.02.09-10.31.01:884][  0]LogOcInput: OculusInput pre-init called
[2020.02.09-10.31.01:895][  0]LogWindows: Failed to load 'OVRPlugin.dll' (GetLastError=126)
[2020.02.09-10.31.01:895][  0]LogWindows: File 'OVRPlugin.dll' does not exist
[2020.02.09-10.31.01:973][  0]LogPython: Python Scripts search path: ../../../../../../Users/mmi/Documents/Unreal Projects/MMI_VR/Content/Scripts
[2020.02.09-10.31.01:973][  0]LogPython: Python Scripts search path: ../../../Engine/Plugins/UnrealEnginePython
[2020.02.09-10.31.01:974][  0]LogPython: Python VM initialized: 3.6.2 (v3.6.2:5fd33b5, Jul  8 2017, 04:57:36) [MSC v.1900 64 bit (AMD64)]
[2020.02.09-10.31.02:751][  0]LogPython: ####################----------Python Integration for Megascans Initialized----------####################
[2020.02.09-10.31.02:751][  0]LogPython: 

[2020.02.09-10.31.02:752][  0]LogPython: C:\Program Files\Epic Games\UE_4.23\Engine\Plugins\UnrealEnginePython\
[2020.02.09-10.31.02:752][  0]LogPython: 

[2020.02.09-10.31.03:158][  0]LogPython: Megascans Integration - LiveLink Initialized...
[2020.02.09-10.31.03:158][  0]LogPython: 

[2020.02.09-10.31.03:159][  0]LogPython: ue_site Python module successfully imported
[2020.02.09-10.31.03:299][  0]LogEngine: Initializing Engine...
[2020.02.09-10.31.03:334][  0]LogHMD: Failed to initialize OpenVR with code 126
[2020.02.09-10.31.03:337][  0]LogStats: UGameplayTagsManager::InitializeManager -  0.001 s
[2020.02.09-10.31.03:753][  0]LogInit: Initializing FReadOnlyCVARCache
[2020.02.09-10.31.03:793][  0]LogAIModule: Creating AISystem for world Untitled
[2020.02.09-10.31.03:812][  0]LogInit: XAudio2 using 'Haut-parleurs / écouteurs (Realtek Audio)' : 2 channels at 48 kHz using 32 bits per sample (channel mask 0x3)
[2020.02.09-10.31.04:615][  0]LogInit: FAudioDevice initialized.
[2020.02.09-10.31.04:615][  0]LogNetVersion: Set ProjectVersion to 1.0.0.0. Version Checksum will be recalculated on next use.
[2020.02.09-10.31.04:731][  0]LogDerivedDataCache: Saved boot cache 0.12s 90MB C:/Users/mmi/AppData/Local/UnrealEngine/4.23/DerivedDataCache/Boot.ddc.
[2020.02.09-10.31.04:745][  0]LogInit: Texture streaming: Enabled
[2020.02.09-10.31.04:832][  0]LogEngineSessionManager: EngineSessionManager initialized
[2020.02.09-10.31.04:832][  0]LogEditorSessionSummary: Verbose: Initializing EditorSessionSummaryWriter for editor session tracking
[2020.02.09-10.31.04:833][  0]LogEditorSessionSummary: EditorSessionSummaryWriter initialized
[2020.02.09-10.31.04:925][  0]LogInit: Transaction tracking system initialized
[2020.02.09-10.31.04:993][  0]BlueprintLog: New page: Editor Load
[2020.02.09-10.31.05:266][  0]LocalizationService: Localization service is disabled
[2020.02.09-10.31.05:686][  0]LogCook: Display: Max memory allowance for cook 16384mb min free memory 0mb
[2020.02.09-10.31.05:686][  0]LogCook: Display: Mobile HDR setting 1
[2020.02.09-10.31.05:989][  0]LogFileCache: Scanning file cache for directory 'C:/Users/mmi/Documents/Unreal Projects/MMI_VR/Content/' took 0.03s
[2020.02.09-10.31.06:094][  0]Cmd: MAP LOAD FILE="../../../../../../Users/mmi/Documents/Unreal Projects/MMI_VR/Content/VirtualRealityBP/Maps/StartupMap.umap" TEMPLATE=0 SHOWPROGRESS=1 FEATURELEVEL=3
[2020.02.09-10.31.06:098][  0]LightingResults: New page: Lighting Build
[2020.02.09-10.31.06:105][  0]LogWorld: UWorld::CleanupWorld for Untitled, bSessionEnded=true, bCleanupResources=true
[2020.02.09-10.31.06:107][  0]MapCheck: New page: Map Check
[2020.02.09-10.31.06:107][  0]LightingResults: New page: Lighting Build
[2020.02.09-10.31.06:134][  0]LogUObjectHash: Compacting FUObjectHashTables data took   1.68ms
[2020.02.09-10.31.06:493][  0]LogAIModule: Creating AISystem for world StartupMap
[2020.02.09-10.31.06:506][  0]LogEditorServer: Finished looking for orphan Actors (0.000 secs)
[2020.02.09-10.31.06:532][  0]LogUObjectHash: Compacting FUObjectHashTables data took   1.28ms
[2020.02.09-10.31.06:532][  0]Cmd: MAP CHECKDEP NOCLEARLOG
[2020.02.09-10.31.06:532][  0]MapCheck: Map check complete: 0 Error(s), 0 Warning(s), took 0,368ms to complete.
[2020.02.09-10.31.06:532][  0]LogFileHelpers: Loading map 'StartupMap' took 0.439
[2020.02.09-10.31.06:688][  0]LogSlate: Updating window title bar state: overlay mode, drag disabled, window buttons hidden, title bar hidden
[2020.02.09-10.31.06:698][  0]LogSlate: Updating window title bar state: overlay mode, drag disabled, window buttons hidden, title bar hidden
[2020.02.09-10.31.06:706][  0]LogSlate: Updating window title bar state: overlay mode, drag disabled, window buttons hidden, title bar hidden
[2020.02.09-10.31.06:714][  0]LogSlate: Updating window title bar state: overlay mode, drag disabled, window buttons hidden, title bar hidden
[2020.02.09-10.31.06:738][  0]LogCollectionManager: Loaded 0 collections in 0.002002 seconds
[2020.02.09-10.31.06:762][  0]LogFileCache: Scanning file cache for directory 'C:/Users/mmi/Documents/Unreal Projects/MMI_VR/Saved/Collections/' took 0.00s
[2020.02.09-10.31.06:762][  0]LogFileCache: Scanning file cache for directory 'C:/Users/mmi/Documents/Unreal Projects/MMI_VR/Content/Developers/mmi/Collections/' took 0.00s
[2020.02.09-10.31.06:762][  0]LogFileCache: Scanning file cache for directory 'C:/Users/mmi/Documents/Unreal Projects/MMI_VR/Content/Collections/' took 0.00s
[2020.02.09-10.31.06:762][  0]LogCollectionManager: Rebuilt the GUID cache for 0 collections in 0.000002 seconds
[2020.02.09-10.31.06:773][  0]LogContentBrowser: Native class hierarchy populated in 0.0090 seconds. Added 2882 classes and 687 folders.
[2020.02.09-10.31.06:785][  0]LogContentBrowser: Native class hierarchy updated for 'WidgetCarousel' in 0.0002 seconds. Added 0 classes and 0 folders.
[2020.02.09-10.31.07:081][  0]LogContentBrowser: Native class hierarchy updated for 'AddContentDialog' in 0.0003 seconds. Added 0 classes and 0 folders.
[2020.02.09-10.31.07:094][  0]LogContentBrowser: Native class hierarchy updated for 'SceneOutliner' in 0.0002 seconds. Added 1 classes and 2 folders.
[2020.02.09-10.31.07:156][  0]LogSlate: Took 0.006276 seconds to synchronously load lazily loaded font '../../../Engine/Content/Slate/Fonts/Roboto-Regular.ttf' (155K)
[2020.02.09-10.31.07:162][  0]LogSlate: Took 0.005335 seconds to synchronously load lazily loaded font '../../../Engine/Content/Slate/Fonts/Roboto-Bold.ttf' (160K)
[2020.02.09-10.31.07:172][  0]LogSlate: Took 0.004744 seconds to synchronously load lazily loaded font '../../../Engine/Content/Editor/Slate/Fonts/FontAwesome.ttf' (139K)
[2020.02.09-10.31.07:279][  0]LogRenderer: Reallocating scene render targets to support 1224x620 Format 26 NumSamples 1 (Frame:1).
[2020.02.09-10.31.07:407][  0]LogContentBrowser: Native class hierarchy updated for 'HierarchicalLODOutliner' in 0.0002 seconds. Added 0 classes and 0 folders.
[2020.02.09-10.31.07:407][  0]LogLoad: (Engine Initialization) Total time: 22.07 seconds
[2020.02.09-10.31.07:407][  0]LogLoad: (Engine Initialization) Total Blueprint compile time: 0.04 seconds
[2020.02.09-10.31.07:483][  0]LogContentStreaming: Texture pool size now 1000 MB
[2020.02.09-10.31.07:523][  0]LogSlate: Took 0.004671 seconds to synchronously load lazily loaded font '../../../Engine/Content/Slate/Fonts/Roboto-Light.ttf' (167K)
[2020.02.09-10.31.07:572][  4]LogPython: tcp server spawned on 127.0.0.1:13428
[2020.02.09-10.31.14:326][656]LogCollectionManager: Rebuilt the object cache for 0 collections in 0.000006 seconds (found 0 objects)
[2020.02.09-10.31.29:648][166]LogAssetRegistry: Asset discovery search completed in 34.4422 seconds
[2020.02.09-10.31.29:652][166]LogCollectionManager: Fixed up redirectors for 0 collections in 0.000005 seconds (updated 0 objects)
[2020.02.09-10.31.43:250][350]LogSlate: FSceneViewport::OnFocusLost() reason 0
[2020.02.09-10.32.01:842][577]LogSlate: Took 0.004237 seconds to synchronously load lazily loaded font '../../../Engine/Content/Slate/Fonts/Roboto-Light.ttf' (167K)
[2020.02.09-10.32.02:031][577]LogLinker: Warning: Asset '../../../../../../Users/mmi/Documents/Unreal Projects/MMI_VR/Content/MSPresets/MSTextures/Albedo.uasset' has been saved with empty engine version. The asset will be loaded but may be incompatible.
[2020.02.09-10.32.02:031][577]LogLinker: Warning: Asset '../../../../../../Users/mmi/Documents/Unreal Projects/MMI_VR/Content/MSPresets/MSTextures/Normal.uasset' has been saved with empty engine version. The asset will be loaded but may be incompatible.
[2020.02.09-10.32.02:032][577]LogLinker: Warning: Asset '../../../../../../Users/mmi/Documents/Unreal Projects/MMI_VR/Content/MSPresets/MSTextures/Roughness.uasset' has been saved with empty engine version. The asset will be loaded but may be incompatible.
[2020.02.09-10.32.02:230][577]LogTexture: Display: Building textures: 44_2 (BC5, 1024X1024)
[2020.02.09-10.32.02:230][577]LogTexture: Display: Building textures: Privy_Council_Door (AutoDXT, 1024X1024)
[2020.02.09-10.32.02:230][577]LogTexture: Display: Building textures: T_langue_N (BC5, 2048X2048)
[2020.02.09-10.32.02:329][577]LogTexture: Display: Building textures: chandelier_specular (AutoDXT, 2048X2048)
[2020.02.09-10.32.02:329][577]LogTexture: Display: Building textures: T_Retopology_N (BC5, 2048X2048)
[2020.02.09-10.32.02:329][577]LogTexture: Display: Building textures: chandelier_normal (BC5, 2048X2048)
[2020.02.09-10.32.02:334][577]LogStaticMesh: Building static mesh bookshelf...
[2020.02.09-10.32.02:436][577]LogTexture: Display: Building textures: chandelier_metalness (AutoDXT, 2048X2048)
[2020.02.09-10.32.02:436][577]LogStaticMesh: Built static mesh [0.11s] /Game/salle_progra/assets/bookshelf/bookshelf.bookshelf
[2020.02.09-10.32.02:445][577]LogStaticMesh: Building static mesh chandelier...
[2020.02.09-10.32.02:754][577]LogStaticMesh: Built static mesh [0.31s] /Game/salle_progra/assets/lustre/chandelier.chandelier
[2020.02.09-10.32.02:785][577]LogStaticMesh: Building static mesh chest...
[2020.02.09-10.32.02:838][577]LogStaticMesh: Built static mesh [0.05s] /Game/salle_progra/assets/chest/chest.chest
[2020.02.09-10.32.02:842][577]LogStaticMesh: Building static mesh desk_10240_Office_Desk_v3_max2011...
[2020.02.09-10.32.03:879][577]LogTexture: Display: Building textures: chandelier_gloss (AutoDXT, 2048X2048)
[2020.02.09-10.32.03:879][577]LogTexture: Display: Building textures: chandelier_AO (AutoDXT, 2048X2048)
[2020.02.09-10.32.03:879][577]LogTexture: Display: Building textures: chandelier_albedo (AutoDXT, 2048X2048)
[2020.02.09-10.32.03:879][577]LogTexture: Display: Building textures: picture_frames_spec (AutoDXT, 2048X2048)
[2020.02.09-10.32.03:879][577]LogTexture: Display: Building textures: picture_frames_nor (BC5, 2048X2048)
[2020.02.09-10.32.03:879][577]LogStaticMesh: Built static mesh [1.04s] /Game/salle_progra/assets/desk/desk_10240_Office_Desk_v3_max2011.desk_10240_Office_Desk_v3_max2011
[2020.02.09-10.32.03:976][577]LogStaticMesh: Building static mesh marill_damien_sculpture...
[2020.02.09-10.32.03:980][577]LogStaticMesh: Built static mesh [0.00s] /Game/salle_progra/assets/raptor/marill_damien_sculpture.marill_damien_sculpture
[2020.02.09-10.32.03:981][577]LogStaticMesh: Building static mesh marill_damien_sculpture_tete_LowPoly...
[2020.02.09-10.32.15:015][577]LogTexture: Display: Building textures: picture_frames_dif (AutoDXT, 2048X2048)
[2020.02.09-10.32.15:015][577]LogTexture: Display: Building textures: 10240_Office_Desk_v2_Diffuse (AutoDXT, 1024X1024)
[2020.02.09-10.32.15:015][577]LogTexture: Display: Building textures: 01_-_Default_Roughness (AutoDXT, 2048X2048)
[2020.02.09-10.32.15:015][577]LogTexture: Display: Building textures: 01_-_Default_Mixed_AO (AutoDXT, 2048X2048)
[2020.02.09-10.32.15:015][577]LogTexture: Display: Building textures: 01_-_Default_Metallic (AutoDXT, 2048X2048)
[2020.02.09-10.32.15:015][577]LogTexture: Display: Building textures: 01_-_Default_Normal (BC5, 2048X2048)
[2020.02.09-10.32.15:015][577]LogTexture: Display: Building textures: 01_-_Default_Height (AutoDXT, 2048X2048)
[2020.02.09-10.32.15:015][577]LogTexture: Display: Building textures: 01_-_Default_Base_Color (AutoDXT, 2048X2048)
[2020.02.09-10.32.15:015][577]LogTexture: Display: Building textures: BookcasetexCLighter (AutoDXT, 1024X1024)
[2020.02.09-10.32.15:015][577]LogTexture: Display: Building textures: BookcasetexC (AutoDXT, 1024X1024)
[2020.02.09-10.32.15:015][577]LogTexture: Display: Building textures: BookcasetexA (AutoDXT, 1024X1024)
[2020.02.09-10.32.15:015][577]LogTexture: Display: Building textures: olc_book2Normal (BC5, 1024X1024)
[2020.02.09-10.32.15:015][577]LogTexture: Display: Building textures: olc_book2Color (AutoDXT, 1024X1024)
[2020.02.09-10.32.15:015][577]LogTexture: Display: Building textures: olc_book2AO (AutoDXT, 1024X1024)
[2020.02.09-10.32.15:015][577]LogTexture: Display: Building textures: tj1lfhjn_2K_Roughness (BC7, 2048X2048)
[2020.02.09-10.32.15:015][577]LogTexture: Display: Building textures: tj1lfhjn_2K_Normal (BC5, 2048X2048)
[2020.02.09-10.32.15:015][577]LogTexture: Display: Building textures: tj1lfhjn_2K_Albedo (BC7, 2048X2048)
[2020.02.09-10.32.15:015][577]LogTexture: Display: Building textures: tjshdhyo_2K_Roughness (BC7, 2048X2048)
[2020.02.09-10.32.15:015][577]LogTexture: Display: Building textures: tjshdhyo_2K_Normal (BC5, 2048X2048)
[2020.02.09-10.32.15:015][577]LogTexture: Display: Building textures: tjshdhyo_2K_Albedo (BC7, 2048X2048)
[2020.02.09-10.32.15:015][577]LogTexture: Display: Building textures: tg0kcfnv_2K_Roughness (BC7, 2048X2048)
[2020.02.09-10.32.15:016][577]LogTexture: Display: Building textures: tg0kcfnv_2K_Normal (BC5, 2048X2048)
[2020.02.09-10.32.15:016][577]LogTexture: Display: Building textures: tg0kcfnv_2K_Albedo (BC7, 2048X2048)
[2020.02.09-10.32.15:016][577]LogTexture: Display: Building textures: Roughness (AutoDXT, 512X512)
[2020.02.09-10.32.15:016][577]LogTexture: Display: Building textures: Normal (BC5, 512X512)
[2020.02.09-10.32.15:016][577]LogTexture: Display: Building textures: Albedo (AutoDXT, 512X512)
[2020.02.09-10.32.15:016][577]LogTexture: Display: Building textures: HQ_Lightmap1_1 (AutoDXT, 1024X1024)
[2020.02.09-10.32.15:016][577]LogTexture: Display: Building textures: HQ_Lightmap1_2 (AutoDXT, 512X512)
[2020.02.09-10.32.15:016][577]LogTexture: Display: Building textures: LQ_Lightmap_1_1 (DXT1, 1024X1024)
[2020.02.09-10.32.15:016][577]LogTexture: Display: Building textures: LQ_Lightmap_1_2 (DXT1, 512X512)
[2020.02.09-10.32.15:016][577]LogStaticMesh: Built static mesh [11.03s] /Game/salle_progra/assets/raptor/marill_damien_sculpture_tete_LowPoly.marill_damien_sculpture_tete_LowPoly
[2020.02.09-10.32.19:064][577]LogStaticMesh: Building static mesh medieval_door...
[2020.02.09-10.32.19:068][577]LogStaticMesh: Built static mesh [0.00s] /Game/salle_progra/assets/medieval_door/medieval_door.medieval_door
[2020.02.09-10.32.19:082][577]LogStaticMesh: Building static mesh old_book2...
[2020.02.09-10.32.19:102][577]LogStaticMesh: Built static mesh [0.03s] /Game/salle_progra/assets/book/old_book2.old_book2
[2020.02.09-10.32.19:105][577]LogStaticMesh: Building static mesh picture_frames_lib_picture_frame_victorian_2...
[2020.02.09-10.32.19:107][577]LogStaticMesh: Built static mesh [0.00s] /Game/salle_progra/assets/frame/picture_frames_lib_picture_frame_victorian_2.picture_frames_lib_picture_frame_victorian_2
[2020.02.09-10.32.19:109][577]LogStaticMesh: Building static mesh picture_frames_lib_picture_frame_victorian_3...
[2020.02.09-10.32.19:113][577]LogStaticMesh: Built static mesh [0.00s] /Game/salle_progra/assets/frame/picture_frames_lib_picture_frame_victorian_3.picture_frames_lib_picture_frame_victorian_3
[2020.02.09-10.32.19:118][577]LogStaticMesh: Building static mesh picture_frames_lib_picture_frame_victorian_1...
[2020.02.09-10.32.19:121][577]LogStaticMesh: Built static mesh [0.00s] /Game/salle_progra/assets/frame/picture_frames_lib_picture_frame_victorian_1.picture_frames_lib_picture_frame_victorian_1
[2020.02.09-10.32.19:122][577]LogStaticMesh: Building static mesh picture_frames_lib_picture_frame_victorian_4...
[2020.02.09-10.32.19:126][577]LogStaticMesh: Built static mesh [0.00s] /Game/salle_progra/assets/frame/picture_frames_lib_picture_frame_victorian_4.picture_frames_lib_picture_frame_victorian_4
[2020.02.09-10.32.19:128][577]LogStaticMesh: Building static mesh picture_frames_lib_picture_frame_victorian_5...
[2020.02.09-10.32.19:132][577]LogStaticMesh: Built static mesh [0.00s] /Game/salle_progra/assets/frame/picture_frames_lib_picture_frame_victorian_5.picture_frames_lib_picture_frame_victorian_5
[2020.02.09-10.32.19:138][577]LogMaterial: Display: Missing cached shader map for material Material_000, compiling. 
[2020.02.09-10.32.19:214][577]LogShaderCompilers: Display: Worker (1/5): shaders left to compile 31
[2020.02.09-10.32.19:214][577]LogShaderCompilers: Display: Worker (2/5): shaders left to compile 23
[2020.02.09-10.32.19:214][577]LogShaderCompilers: Display: Worker (3/5): shaders left to compile 15
[2020.02.09-10.32.19:214][577]LogShaderCompilers: Display: Worker (4/5): shaders left to compile 7
[2020.02.09-10.32.19:214][577]LogMaterial: Display: Missing cached shader map for material Material, compiling. 
[2020.02.09-10.32.19:236][577]LogMaterial: Display: Missing cached shader map for material Mat_Medieval_door, compiling. 
[2020.02.09-10.32.19:259][577]LogMaterial: Display: Missing cached shader map for material chandelier1, compiling. 
[2020.02.09-10.32.19:290][577]LogMaterial: Display: Missing cached shader map for material picture_frames, compiling. 
[2020.02.09-10.32.19:309][577]LogMaterial: Display: Missing cached shader map for material 10240_Office_Desk_v2, compiling. 
[2020.02.09-10.32.19:333][577]LogMaterial: Display: Missing cached shader map for material 01_-_Default, compiling. 
[2020.02.09-10.32.19:355][577]LogMaterial: Display: Missing cached shader map for material Mat, compiling. 
[2020.02.09-10.32.19:377][577]LogMaterial: Display: Missing cached shader map for material Material, compiling. 
[2020.02.09-10.32.19:394][577]LogMaterial: Display: Missing cached shader map for material MS_DefaultMaterial, compiling. 
[2020.02.09-10.32.19:443][577]LogAIModule: Creating AISystem for world Map_progra
[2020.02.09-10.32.19:474][577]LogAssetEditorManager: Opening Asset editor for World /Game/salle_progra/Map_progra.Map_progra
[2020.02.09-10.32.19:514][577]LogUObjectHash: Compacting FUObjectHashTables data took   2.44ms
[2020.02.09-10.32.19:531][577]Cmd: MAP LOAD FILE="../../../../../../Users/mmi/Documents/Unreal Projects/MMI_VR/Content/salle_progra/Map_progra.umap" TEMPLATE=0 SHOWPROGRESS=1 FEATURELEVEL=3
[2020.02.09-10.32.19:531][577]LightingResults: New page: Lighting Build
[2020.02.09-10.32.19:531][577]LoadErrors: New page: Loading map: Map_progra.umap
[2020.02.09-10.32.19:535][577]LogWorld: UWorld::CleanupWorld for StartupMap, bSessionEnded=true, bCleanupResources=true
[2020.02.09-10.32.19:537][577]MapCheck: New page: Map Check
[2020.02.09-10.32.19:537][577]LightingResults: New page: Lighting Build
[2020.02.09-10.32.19:568][577]LogUObjectHash: Compacting FUObjectHashTables data took   2.63ms
[2020.02.09-10.32.19:610][577]LogEditorServer: Finished looking for orphan Actors (0.000 secs)
[2020.02.09-10.32.19:635][577]LogUObjectHash: Compacting FUObjectHashTables data took   1.30ms
[2020.02.09-10.32.19:673][577]Cmd: MAP CHECKDEP NOCLEARLOG
[2020.02.09-10.32.19:675][577]MapCheck: Map check complete: 0 Error(s), 0 Warning(s), took 2,449ms to complete.
[2020.02.09-10.32.19:675][577]LogFileHelpers: Loading map 'Map_progra' took 0.160
[2020.02.09-10.32.19:808][578]LogEditorSessionSummary: EditorSessionSummary sent report. Type=Shutdown, SessionId={66321188-4F5A-81FB-F587-69B8B0826DD3}
[2020.02.09-10.32.22:100][782]LogShaderCompilers: Display: Worker (1/5): shaders left to compile 261
[2020.02.09-10.32.23:573][939]LogShaderCompilers: Display: Worker (4/5): shaders left to compile 251
[2020.02.09-10.32.24:739][ 64]LogShaderCompilers: Display: Worker (2/5): shaders left to compile 241
[2020.02.09-10.32.24:827][ 73]LogShaderCompilers: Display: Worker (3/5): shaders left to compile 231
[2020.02.09-10.32.25:467][136]LogShaderCompilers: Display: Worker (1/5): shaders left to compile 221
[2020.02.09-10.32.27:480][354]LogShaderCompilers: Display: Worker (3/5): shaders left to compile 211
[2020.02.09-10.32.30:085][630]LogShaderCompilers: Display: Worker (4/5): shaders left to compile 201
[2020.02.09-10.32.30:654][690]LogShaderCompilers: Display: Worker (2/5): shaders left to compile 191
[2020.02.09-10.32.32:032][831]LogShaderCompilers: Display: Worker (1/5): shaders left to compile 181
[2020.02.09-10.32.32:954][932]LogShaderCompilers: Display: Worker (4/5): shaders left to compile 171
[2020.02.09-10.32.33:788][ 21]LogShaderCompilers: Display: Worker (3/5): shaders left to compile 161
[2020.02.09-10.32.36:260][282]LogShaderCompilers: Display: Worker (4/5): shaders left to compile 151
[2020.02.09-10.32.36:737][333]LogShaderCompilers: Display: Worker (2/5): shaders left to compile 141
[2020.02.09-10.32.38:058][475]LogShaderCompilers: Display: Worker (1/5): shaders left to compile 131
[2020.02.09-10.32.39:392][610]LogShaderCompilers: Display: Worker (3/5): shaders left to compile 121
[2020.02.09-10.32.40:054][680]LogShaderCompilers: Display: Worker (4/5): shaders left to compile 111
[2020.02.09-10.32.41:538][833]LogShaderCompilers: Display: Worker (2/5): shaders left to compile 101
[2020.02.09-10.32.42:964][949]LogEditorViewport: Clicking on Actor (LMB): StaticMeshActor (chandelier)
[2020.02.09-10.32.43:393][974]LogShaderCompilers: Display: Worker (3/5): shaders left to compile 91
[2020.02.09-10.32.43:943][ 25]LogShaderCompilers: Display: Worker (1/5): shaders left to compile 81
[2020.02.09-10.32.44:503][ 74]LogShaderCompilers: Display: Worker (4/5): shaders left to compile 71
[2020.02.09-10.32.47:132][328]LogShaderCompilers: Display: Worker (2/5): shaders left to compile 61
[2020.02.09-10.32.47:994][414]LogShaderCompilers: Display: Worker (3/5): shaders left to compile 51
[2020.02.09-10.32.48:199][430]LogShaderCompilers: Display: Worker (1/5): shaders left to compile 41
[2020.02.09-10.32.50:837][627]LogShaderCompilers: Display: Worker (4/5): shaders left to compile 31
[2020.02.09-10.32.51:711][692]LogShaderCompilers: Display: Worker (2/5): shaders left to compile 23
[2020.02.09-10.32.51:786][695]LogShaderCompilers: Display: Worker (3/5): shaders left to compile 17
[2020.02.09-10.32.53:144][816]LogShaderCompilers: Display: Worker (4/5): shaders left to compile 12
[2020.02.09-10.32.54:111][911]LogShaderCompilers: Display: Worker (1/5): shaders left to compile 8
[2020.02.09-10.32.54:856][981]LogShaderCompilers: Display: Worker (3/5): shaders left to compile 5
[2020.02.09-10.32.55:471][ 41]LogShaderCompilers: Display: Worker (2/5): shaders left to compile 3
[2020.02.09-10.32.55:737][ 67]LogShaderCompilers: Display: Worker (4/5): shaders left to compile 2
[2020.02.09-10.32.55:967][ 89]LogShaderCompilers: Display: Worker (3/5): shaders left to compile 1
[2020.02.09-10.34.23:001][189]LogEditorViewport: Clicking on Actor (LMB): StaticMeshActor (picture_frames_lib_picture_frame_victorian_19)
[2020.02.09-10.34.30:298][860]LogSlate: FSceneViewport::OnFocusLost() reason 0
[2020.02.09-10.34.35:678][317]LogEditorViewport: Clicking on Actor (LMB): StaticMeshActor (chandelier)
[2020.02.09-10.34.39:168][607]LogSlate: FSceneViewport::OnFocusLost() reason 0
[2020.02.09-10.34.52:420][828]LogSlate: FSceneViewport::OnFocusLost() reason 0
[2020.02.09-10.34.52:526][840]LogTemp: Repeating last play command: Selected Viewport
[2020.02.09-10.34.52:544][840]LogBlueprintUserMessages: Early PlayInEditor Detection: Level '/Game/salle_progra/Map_progra.Map_progra:PersistentLevel' has LevelScriptBlueprint '/Game/salle_progra/Map_progra.Map_progra:PersistentLevel.Map_progra' with GeneratedClass '/Game/salle_progra/Map_progra.Map_progra_C' with ClassGeneratedBy '/Game/salle_progra/Map_progra.Map_progra:PersistentLevel.Map_progra'
[2020.02.09-10.34.52:546][840]LogPlayLevel: PlayLevel: No blueprints needed recompiling
[2020.02.09-10.34.52:548][840]PIE: New page: PIE session: Map_progra (9 févr. 2020 12:34:52)
[2020.02.09-10.34.52:553][840]LogOnline: OSS: Creating online subsystem instance for: NULL
[2020.02.09-10.34.52:555][840]LogPlayLevel: Creating play world package: /Game/salle_progra/UEDPIE_0_Map_progra
[2020.02.09-10.34.52:597][840]LogPlayLevel: PIE: StaticDuplicateObject took: (0.042145s)
[2020.02.09-10.34.52:599][840]LogAIModule: Creating AISystem for world Map_progra
[2020.02.09-10.34.52:599][840]LogPlayLevel: PIE: World Init took: (0.001983s)
[2020.02.09-10.34.52:600][840]LogPlayLevel: PIE: Created PIE world by copying editor world from /Game/salle_progra/Map_progra.Map_progra to /Game/salle_progra/UEDPIE_0_Map_progra.Map_progra (0.044462s)
[2020.02.09-10.34.52:624][840]LogUObjectHash: Compacting FUObjectHashTables data took   1.38ms
[2020.02.09-10.34.52:633][840]LogInit: XAudio2 using 'Haut-parleurs / écouteurs (Realtek Audio)' : 2 channels at 48 kHz using 32 bits per sample (channel mask 0x3)
[2020.02.09-10.34.52:713][840]LogInit: FAudioDevice initialized.
[2020.02.09-10.34.52:725][840]LogLoad: Game class is 'GameModeBase'
[2020.02.09-10.34.52:736][840]LogWorld: Bringing World /Game/salle_progra/UEDPIE_0_Map_progra.Map_progra up for play (max tick rate 0) at 2020.02.09-11.34.52
[2020.02.09-10.34.52:737][840]LogWorld: Bringing up level for play took: 0.005370
[2020.02.09-10.34.52:738][840]LogOnline: OSS: Creating online subsystem instance for: :Context_3
[2020.02.09-10.34.52:756][840]LogContentBrowser: Native class hierarchy updated for 'MovieSceneCapture' in 0.0003 seconds. Added 20 classes and 0 folders.
[2020.02.09-10.34.52:776][840]PIE: Play in editor start time for /Game/salle_progra/UEDPIE_0_Map_progra -0,234
[2020.02.09-10.34.52:776][840]LogBlueprintUserMessages: Late PlayInEditor Detection: Level '/Game/salle_progra/Map_progra.Map_progra:PersistentLevel' has LevelScriptBlueprint '/Game/salle_progra/Map_progra.Map_progra:PersistentLevel.Map_progra' with GeneratedClass '/Game/salle_progra/Map_progra.Map_progra_C' with ClassGeneratedBy '/Game/salle_progra/Map_progra.Map_progra:PersistentLevel.Map_progra'
[2020.02.09-10.34.55:324][139]LogBlueprintUserMessages: Early EndPlayMap Detection: Level '/Game/salle_progra/Map_progra.Map_progra:PersistentLevel' has LevelScriptBlueprint '/Game/salle_progra/Map_progra.Map_progra:PersistentLevel.Map_progra' with GeneratedClass '/Game/salle_progra/Map_progra.Map_progra_C' with ClassGeneratedBy '/Game/salle_progra/Map_progra.Map_progra:PersistentLevel.Map_progra'
[2020.02.09-10.34.55:325][139]LogSlate: Updating window title bar state: overlay mode, drag disabled, window buttons hidden, title bar hidden
[2020.02.09-10.34.55:325][139]LogWorld: BeginTearingDown for /Game/salle_progra/UEDPIE_0_Map_progra
[2020.02.09-10.34.55:326][139]LogWorld: UWorld::CleanupWorld for Map_progra, bSessionEnded=true, bCleanupResources=true
[2020.02.09-10.34.55:335][139]LogPlayLevel: Display: Shutting down PIE online subsystems
[2020.02.09-10.34.55:335][139]LogBlueprintUserMessages: Late EndPlayMap Detection: Level '/Game/salle_progra/Map_progra.Map_progra:PersistentLevel' has LevelScriptBlueprint '/Game/salle_progra/Map_progra.Map_progra:PersistentLevel.Map_progra' with GeneratedClass '/Game/salle_progra/Map_progra.Map_progra_C' with ClassGeneratedBy '/Game/salle_progra/Map_progra.Map_progra:PersistentLevel.Map_progra'
[2020.02.09-10.34.55:363][139]LogSlate: Updating window title bar state: overlay mode, drag disabled, window buttons hidden, title bar hidden
[2020.02.09-10.34.55:367][139]LogUObjectHash: Compacting FUObjectHashTables data took   1.51ms
[2020.02.09-10.34.55:426][145]LogPlayLevel: Display: Destroying online subsystem :Context_3
[2020.02.09-10.35.16:597][416]LogSlate: FSceneViewport::OnFocusLost() reason 0
[2020.02.09-10.35.19:227][545]LogAIModule: Creating AISystem for world Map_infographie
[2020.02.09-10.35.19:250][545]LogAssetEditorManager: Opening Asset editor for World /Game/salle_infographie/Map_infographie.Map_infographie
[2020.02.09-10.35.19:274][545]LogUObjectHash: Compacting FUObjectHashTables data took   2.07ms
[2020.02.09-10.35.19:275][545]Cmd: MAP LOAD FILE="../../../../../../Users/mmi/Documents/Unreal Projects/MMI_VR/Content/salle_infographie/Map_infographie.umap" TEMPLATE=0 SHOWPROGRESS=1 FEATURELEVEL=3
[2020.02.09-10.35.19:275][545]LightingResults: New page: Lighting Build
[2020.02.09-10.35.19:276][545]LoadErrors: New page: Loading map: Map_infographie.umap
[2020.02.09-10.35.19:277][545]LogWorld: UWorld::CleanupWorld for Map_progra, bSessionEnded=true, bCleanupResources=true
[2020.02.09-10.35.19:277][545]MapCheck: New page: Map Check
[2020.02.09-10.35.19:277][545]LightingResults: New page: Lighting Build
[2020.02.09-10.35.19:303][545]LogUObjectHash: Compacting FUObjectHashTables data took   1.70ms
[2020.02.09-10.35.19:317][545]LogEditorServer: Finished looking for orphan Actors (0.000 secs)
[2020.02.09-10.35.19:345][545]LogUObjectHash: Compacting FUObjectHashTables data took   1.66ms
[2020.02.09-10.35.19:374][545]Cmd: MAP CHECKDEP NOCLEARLOG
[2020.02.09-10.35.19:374][545]MapCheck: Map check complete: 0 Error(s), 0 Warning(s), took 0,104ms to complete.
[2020.02.09-10.35.19:374][545]LogFileHelpers: Loading map 'Map_infographie' took 0.100
[2020.02.09-10.35.29:860][789]LogSlate: FSceneViewport::OnFocusLost() reason 0
[2020.02.09-10.35.29:935][798]LogTemp: Repeating last play command: Selected Viewport
[2020.02.09-10.35.29:951][798]LogBlueprintUserMessages: Early PlayInEditor Detection: Level '/Game/salle_infographie/Map_infographie.Map_infographie:PersistentLevel' has LevelScriptBlueprint '/Game/salle_infographie/Map_infographie.Map_infographie:PersistentLevel.Map_infographie' with GeneratedClass '/Game/salle_infographie/Map_infographie.Map_infographie_C' with ClassGeneratedBy '/Game/salle_infographie/Map_infographie.Map_infographie:PersistentLevel.Map_infographie'
[2020.02.09-10.35.29:951][798]LogPlayLevel: PlayLevel: No blueprints needed recompiling
[2020.02.09-10.35.29:951][798]PIE: New page: PIE session: Map_infographie (9 févr. 2020 12:35:29)
[2020.02.09-10.35.29:951][798]LogPlayLevel: Creating play world package: /Game/salle_infographie/UEDPIE_0_Map_infographie
[2020.02.09-10.35.29:960][798]LogPlayLevel: PIE: StaticDuplicateObject took: (0.008804s)
[2020.02.09-10.35.29:961][798]LogAIModule: Creating AISystem for world Map_infographie
[2020.02.09-10.35.29:962][798]LogPlayLevel: PIE: World Init took: (0.001301s)
[2020.02.09-10.35.29:962][798]LogPlayLevel: PIE: Created PIE world by copying editor world from /Game/salle_infographie/Map_infographie.Map_infographie to /Game/salle_infographie/UEDPIE_0_Map_infographie.Map_infographie (0.010367s)
[2020.02.09-10.35.29:985][798]LogUObjectHash: Compacting FUObjectHashTables data took   1.43ms
[2020.02.09-10.35.29:991][798]LogInit: XAudio2 using 'Haut-parleurs / écouteurs (Realtek Audio)' : 2 channels at 48 kHz using 32 bits per sample (channel mask 0x3)
[2020.02.09-10.35.30:069][798]LogInit: FAudioDevice initialized.
[2020.02.09-10.35.30:081][798]LogLoad: Game class is 'GameModeBase'
[2020.02.09-10.35.30:084][798]LogWorld: Bringing World /Game/salle_infographie/UEDPIE_0_Map_infographie.Map_infographie up for play (max tick rate 0) at 2020.02.09-11.35.30
[2020.02.09-10.35.30:085][798]LogWorld: Bringing up level for play took: 0.002508
[2020.02.09-10.35.30:085][798]LogOnline: OSS: Creating online subsystem instance for: :Context_4
[2020.02.09-10.35.30:087][798]PIE: Play in editor start time for /Game/salle_infographie/UEDPIE_0_Map_infographie 1,078
[2020.02.09-10.35.30:087][798]LogBlueprintUserMessages: Late PlayInEditor Detection: Level '/Game/salle_infographie/Map_infographie.Map_infographie:PersistentLevel' has LevelScriptBlueprint '/Game/salle_infographie/Map_infographie.Map_infographie:PersistentLevel.Map_infographie' with GeneratedClass '/Game/salle_infographie/Map_infographie.Map_infographie_C' with ClassGeneratedBy '/Game/salle_infographie/Map_infographie.Map_infographie:PersistentLevel.Map_infographie'
[2020.02.09-10.35.32:905][133]LogBlueprintUserMessages: Early EndPlayMap Detection: Level '/Game/salle_infographie/Map_infographie.Map_infographie:PersistentLevel' has LevelScriptBlueprint '/Game/salle_infographie/Map_infographie.Map_infographie:PersistentLevel.Map_infographie' with GeneratedClass '/Game/salle_infographie/Map_infographie.Map_infographie_C' with ClassGeneratedBy '/Game/salle_infographie/Map_infographie.Map_infographie:PersistentLevel.Map_infographie'
[2020.02.09-10.35.32:905][133]LogSlate: Updating window title bar state: overlay mode, drag disabled, window buttons hidden, title bar hidden
[2020.02.09-10.35.32:905][133]LogWorld: BeginTearingDown for /Game/salle_infographie/UEDPIE_0_Map_infographie
[2020.02.09-10.35.32:905][133]LogWorld: UWorld::CleanupWorld for Map_infographie, bSessionEnded=true, bCleanupResources=true
[2020.02.09-10.35.32:913][133]LogPlayLevel: Display: Shutting down PIE online subsystems
[2020.02.09-10.35.32:913][133]LogBlueprintUserMessages: Late EndPlayMap Detection: Level '/Game/salle_infographie/Map_infographie.Map_infographie:PersistentLevel' has LevelScriptBlueprint '/Game/salle_infographie/Map_infographie.Map_infographie:PersistentLevel.Map_infographie' with GeneratedClass '/Game/salle_infographie/Map_infographie.Map_infographie_C' with ClassGeneratedBy '/Game/salle_infographie/Map_infographie.Map_infographie:PersistentLevel.Map_infographie'
[2020.02.09-10.35.32:940][133]LogSlate: Updating window title bar state: overlay mode, drag disabled, window buttons hidden, title bar hidden
[2020.02.09-10.35.32:943][133]LogUObjectHash: Compacting FUObjectHashTables data took   1.31ms
[2020.02.09-10.35.33:004][139]LogPlayLevel: Display: Destroying online subsystem :Context_4
[2020.02.09-10.35.36:372][543]LogSlate: FSceneViewport::OnFocusLost() reason 0
[2020.02.09-10.37.30:652][210]LogSlate: FSceneViewport::OnFocusLost() reason 0
[2020.02.09-10.37.33:255][293]LogTexture: Display: Building textures: WoodDeck_r_ao_m (AutoDXT, 1024X1024)
[2020.02.09-10.37.33:255][293]LogTexture: Display: Building textures: WoodDeck_d (AutoDXT, 1024X1024)
[2020.02.09-10.37.33:255][293]LogTexture: Display: Building textures: WoodDeck_n (BC5, 1024X1024)
[2020.02.09-10.37.33:255][293]LogTexture: Display: Building textures: Books_r_ao_m (AutoDXT, 2048X2048)
[2020.02.09-10.37.33:255][293]LogTexture: Display: Building textures: Books_n (BC5, 2048X2048)
[2020.02.09-10.37.33:255][293]LogTexture: Display: Building textures: Books_d (AutoDXT, 2048X2048)
[2020.02.09-10.37.33:255][293]LogMaterial: Display: Missing cached shader map for material Mat_Opaque, compiling. 
[2020.02.09-10.37.34:735][293]LogShaderCompilers: Display: Worker (1/5): shaders left to compile 69
[2020.02.09-10.37.34:735][293]LogShaderCompilers: Display: Worker (2/5): shaders left to compile 59
[2020.02.09-10.37.34:735][293]LogShaderCompilers: Display: Worker (3/5): shaders left to compile 49
[2020.02.09-10.37.34:735][293]LogShaderCompilers: Display: Worker (4/5): shaders left to compile 39
[2020.02.09-10.37.34:735][293]LogStaticMesh: Building static mesh SM_BookE...
[2020.02.09-10.37.34:762][293]LogStaticMesh: Built static mesh [0.03s] /Game/HQ_ResidentialHouse/Meshes/Books/SM_BookE.SM_BookE
[2020.02.09-10.37.36:382][389]LogShaderCompilers: Display: Worker (1/5): shaders left to compile 29
[2020.02.09-10.37.37:749][471]LogShaderCompilers: Display: Worker (4/5): shaders left to compile 21
[2020.02.09-10.37.38:126][492]LogActorFactory: Actor Factory created SM_BookE
[2020.02.09-10.37.38:560][518]LogActorFactory: Actor Factory created SM_BookE
[2020.02.09-10.37.38:644][519]LogShaderCompilers: Display: Worker (2/5): shaders left to compile 15
[2020.02.09-10.37.39:218][553]LogShaderCompilers: Display: Worker (4/5): shaders left to compile 11
[2020.02.09-10.37.39:568][574]LogShaderCompilers: Display: Worker (3/5): shaders left to compile 8
[2020.02.09-10.37.39:985][599]LogShaderCompilers: Display: Worker (1/5): shaders left to compile 5
[2020.02.09-10.37.40:033][602]LogShaderCompilers: Display: Worker (2/5): shaders left to compile 3
[2020.02.09-10.37.40:543][632]LogShaderCompilers: Display: Worker (4/5): shaders left to compile 2
[2020.02.09-10.37.40:557][633]LogShaderCompilers: Display: Worker (2/5): shaders left to compile 1
[2020.02.09-10.37.44:217][852]Cmd: DELETE
[2020.02.09-10.37.44:217][852]Cmd: ACTOR DELETE
[2020.02.09-10.37.44:230][852]LogEditorActor: Deleted Actor: StaticMeshActor
[2020.02.09-10.37.44:252][852]LogUObjectHash: Compacting FUObjectHashTables data took   1.30ms
[2020.02.09-10.37.44:253][852]LogEditorActor: Deleted 1 Actors (0.029 secs)
[2020.02.09-10.37.46:846][  7]LogSlate: FSceneViewport::OnFocusLost() reason 5
[2020.02.09-10.37.46:966][  7]LogUObjectHash: Compacting FUObjectHashTables data took   0.61ms
[2020.02.09-10.37.47:141][  7]LogSavePackage: Moving '../../../../../../Users/mmi/Documents/Unreal Projects/MMI_VR/Saved/Map_infographieF6250A074D54ED2B1EB0C0B1E16E0498.tmp' to '../../../../../../Users/mmi/Documents/Unreal Projects/MMI_VR/Content/salle_infographie/Map_infographie.umap'
